                                    "Force Report"

Moments - Moment Center (0.1315426 -1.2460601 0.16868178)
                          Moments [N m]                                                                                                                             Coefficients                                                                                                                             
Zone                      Pressure                                      Viscous                                       Total                                         Pressure                                      Viscous                                       Total                                        
zuofuyi                   (1.9067065 -0.95281524 -0.19133013)           (0.0026054902 -0.0014834767 -0.0094682234)    (1.909312 -0.95429872 -0.20079835)            (0.0067623877 -0.0033792857 -0.00067857768)   (9.2407167e-06 -5.2613468e-06 -3.3580311e-05) (0.0067716284 -0.003384547 -0.00071215799)   
------------------------- --------------------------------------------- --------------------------------------------- --------------------------------------------- --------------------------------------------- --------------------------------------------- ---------------------------------------------
Net                       (1.9067065 -0.95281524 -0.19133013)           (0.0026054902 -0.0014834767 -0.0094682234)    (1.909312 -0.95429872 -0.20079835)            (0.0067623877 -0.0033792857 -0.00067857768)   (9.2407167e-06 -5.2613468e-06 -3.3580311e-05) (0.0067716284 -0.003384547 -0.00071215799)   

Moments - Moment Center (0.1315426 -1.2460601 0.16868178) Moment Axis (0.02245 -0.99937 0.02748)
                          Moments [N m]                                   Coefficients                                   
Zone                      Pressure        Viscous         Total           Pressure        Viscous         Total          
zuofuyi                   0.989763        0.0012808488    0.99104385      0.0035103258    4.5427004e-06   0.0035148685   
------------------------- --------------- --------------- --------------- --------------- --------------- ---------------
Net                       0.989763        0.0012808488    0.99104385      0.0035103258    4.5427004e-06   0.0035148685   
                                    "Force Report"

Moments - Moment Center (0.1315426 -1.2460601 0.16868178)
                          Moments [N m]                                                                                                                             Coefficients                                                                                                                             
Zone                      Pressure                                      Viscous                                       Total                                         Pressure                                      Viscous                                       Total                                        
zuofuyi                   (1.9067065 -0.95281524 -0.19133013)           (0.0026054902 -0.0014834767 -0.0094682234)    (1.909312 -0.95429872 -0.20079835)            (0.0067623877 -0.0033792857 -0.00067857768)   (9.2407167e-06 -5.2613468e-06 -3.3580311e-05) (0.0067716284 -0.003384547 -0.00071215799)   
------------------------- --------------------------------------------- --------------------------------------------- --------------------------------------------- --------------------------------------------- --------------------------------------------- ---------------------------------------------
Net                       (1.9067065 -0.95281524 -0.19133013)           (0.0026054902 -0.0014834767 -0.0094682234)    (1.909312 -0.95429872 -0.20079835)            (0.0067623877 -0.0033792857 -0.00067857768)   (9.2407167e-06 -5.2613468e-06 -3.3580311e-05) (0.0067716284 -0.003384547 -0.00071215799)   

Moments - Moment Center (0.1315426 -1.2460601 0.16868178) Moment Axis (0.02245 -0.99937 0.02748)
                          Moments [N m]                                   Coefficients                                   
Zone                      Pressure        Viscous         Total           Pressure        Viscous         Total          
zuofuyi                   0.989763        0.0012808488    0.99104385      0.0035103258    4.5427004e-06   0.0035148685   
------------------------- --------------- --------------- --------------- --------------- --------------- ---------------
Net                       0.989763        0.0012808488    0.99104385      0.0035103258    4.5427004e-06   0.0035148685   
