                                    "Force Report"

Moments - Moment Center (0.1315426 -1.2460601 0.16868178)
                          Moments [N m]                                                                                                                             Coefficients                                                                                                                             
Zone                      Pressure                                      Viscous                                       Total                                         Pressure                                      Viscous                                       Total                                        
zuofuyi                   (1.6353562 -0.88207081 -0.16107637)           (0.0011380849 -0.0014710362 -0.011162099)     (1.6364943 -0.88354185 -0.17223847)           (0.0058000078 -0.0031283812 -0.00057127872)   (4.036369e-06 -5.2172252e-06 -3.9587865e-05)  (0.0058040441 -0.0031335984 -0.00061086658)  
------------------------- --------------------------------------------- --------------------------------------------- --------------------------------------------- --------------------------------------------- --------------------------------------------- ---------------------------------------------
Net                       (1.6353562 -0.88207081 -0.16107637)           (0.0011380849 -0.0014710362 -0.011162099)     (1.6364943 -0.88354185 -0.17223847)           (0.0058000078 -0.0031283812 -0.00057127872)   (4.036369e-06 -5.2172252e-06 -3.9587865e-05)  (0.0058040441 -0.0031335984 -0.00061086658)  

Moments - Moment Center (0.1315426 -1.2460601 0.16868178) Moment Axis (0.02245 -0.99937 0.02748)
                          Moments [N m]                                   Coefficients                                   
Zone                      Pressure        Viscous         Total           Pressure        Viscous         Total          
zuofuyi                   0.91380268      0.0011889253    0.91499161      0.0032409225    4.2166812e-06   0.0032451391   
------------------------- --------------- --------------- --------------- --------------- --------------- ---------------
Net                       0.91380268      0.0011889253    0.91499161      0.0032409225    4.2166812e-06   0.0032451391   
                                    "Force Report"

Moments - Moment Center (0.1315426 -1.2460601 0.16868178)
                          Moments [N m]                                                                                                                             Coefficients                                                                                                                             
Zone                      Pressure                                      Viscous                                       Total                                         Pressure                                      Viscous                                       Total                                        
zuofuyi                   (1.6353562 -0.88207081 -0.16107637)           (0.0011380849 -0.0014710362 -0.011162099)     (1.6364943 -0.88354185 -0.17223847)           (0.0058000078 -0.0031283812 -0.00057127872)   (4.036369e-06 -5.2172252e-06 -3.9587865e-05)  (0.0058040441 -0.0031335984 -0.00061086658)  
------------------------- --------------------------------------------- --------------------------------------------- --------------------------------------------- --------------------------------------------- --------------------------------------------- ---------------------------------------------
Net                       (1.6353562 -0.88207081 -0.16107637)           (0.0011380849 -0.0014710362 -0.011162099)     (1.6364943 -0.88354185 -0.17223847)           (0.0058000078 -0.0031283812 -0.00057127872)   (4.036369e-06 -5.2172252e-06 -3.9587865e-05)  (0.0058040441 -0.0031335984 -0.00061086658)  

Moments - Moment Center (0.1315426 -1.2460601 0.16868178) Moment Axis (0.02245 -0.99937 0.02748)
                          Moments [N m]                                   Coefficients                                   
Zone                      Pressure        Viscous         Total           Pressure        Viscous         Total          
zuofuyi                   0.91380268      0.0011889253    0.91499161      0.0032409225    4.2166812e-06   0.0032451391   
------------------------- --------------- --------------- --------------- --------------- --------------- ---------------
Net                       0.91380268      0.0011889253    0.91499161      0.0032409225    4.2166812e-06   0.0032451391   
