                                    "Force Report"

Moments - Moment Center (0.1315426 -1.2460601 0.16868178)
                          Moments [N m]                                                                                                                             Coefficients                                                                                                                             
Zone                      Pressure                                      Viscous                                       Total                                         Pressure                                      Viscous                                       Total                                        
zuofuyi                   (1.0886732 -0.71922994 -0.069854163)          (0.00075386773 -0.0013661688 -0.0096108691)   (1.089427 -0.72059611 -0.079465032)           (0.0038611238 -0.0025508444 -0.00024774706)   (2.6736919e-06 -4.845299e-06 -3.4086223e-05)  (0.0038637975 -0.0025556897 -0.00028183328)  
------------------------- --------------------------------------------- --------------------------------------------- --------------------------------------------- --------------------------------------------- --------------------------------------------- ---------------------------------------------
Net                       (1.0886732 -0.71922994 -0.069854163)          (0.00075386773 -0.0013661688 -0.0096108691)   (1.089427 -0.72059611 -0.079465032)           (0.0038611238 -0.0025508444 -0.00024774706)   (2.6736919e-06 -4.845299e-06 -3.4086223e-05)  (0.0038637975 -0.0025556897 -0.00028183328)  

Moments - Moment Center (0.1315426 -1.2460601 0.16868178) Moment Axis (0.02245 -0.99937 0.02748)
                          Moments [N m]                                   Coefficients                                   
Zone                      Pressure        Viscous         Total           Pressure        Viscous         Total          
zuofuyi                   0.74129812      0.001118126     0.74241624      0.0026291121    3.9655823e-06   0.0026330777   
------------------------- --------------- --------------- --------------- --------------- --------------- ---------------
Net                       0.74129812      0.001118126     0.74241624      0.0026291121    3.9655823e-06   0.0026330777   
                                    "Force Report"

Moments - Moment Center (0.1315426 -1.2460601 0.16868178)
                          Moments [N m]                                                                                                                             Coefficients                                                                                                                             
Zone                      Pressure                                      Viscous                                       Total                                         Pressure                                      Viscous                                       Total                                        
zuofuyi                   (1.0886732 -0.71922994 -0.069854163)          (0.00075386773 -0.0013661688 -0.0096108691)   (1.089427 -0.72059611 -0.079465032)           (0.0038611238 -0.0025508444 -0.00024774706)   (2.6736919e-06 -4.845299e-06 -3.4086223e-05)  (0.0038637975 -0.0025556897 -0.00028183328)  
------------------------- --------------------------------------------- --------------------------------------------- --------------------------------------------- --------------------------------------------- --------------------------------------------- ---------------------------------------------
Net                       (1.0886732 -0.71922994 -0.069854163)          (0.00075386773 -0.0013661688 -0.0096108691)   (1.089427 -0.72059611 -0.079465032)           (0.0038611238 -0.0025508444 -0.00024774706)   (2.6736919e-06 -4.845299e-06 -3.4086223e-05)  (0.0038637975 -0.0025556897 -0.00028183328)  

Moments - Moment Center (0.1315426 -1.2460601 0.16868178) Moment Axis (0.02245 -0.99937 0.02748)
                          Moments [N m]                                   Coefficients                                   
Zone                      Pressure        Viscous         Total           Pressure        Viscous         Total          
zuofuyi                   0.74129812      0.001118126     0.74241624      0.0026291121    3.9655823e-06   0.0026330777   
------------------------- --------------- --------------- --------------- --------------- --------------- ---------------
Net                       0.74129812      0.001118126     0.74241624      0.0026291121    3.9655823e-06   0.0026330777   
