                                    "Force Report"

Moments - Moment Center (0.1315426 -1.2460601 0.16868178)
                          Moments [N m]                                                                                                                             Coefficients                                                                                                                             
Zone                      Pressure                                      Viscous                                       Total                                         Pressure                                      Viscous                                       Total                                        
zuofuyi                   (0.98197914 -0.65330059 -0.050269259)         (0.00042893378 -0.0012133848 -0.01001248)     (0.98240807 -0.65451398 -0.060281739)         (0.0034827193 -0.0023170172 -0.0001782866)    (1.5212706e-06 -4.3034303e-06 -3.5510589e-05) (0.0034842406 -0.0023213207 -0.00021379719)  
------------------------- --------------------------------------------- --------------------------------------------- --------------------------------------------- --------------------------------------------- --------------------------------------------- ---------------------------------------------
Net                       (0.98197914 -0.65330059 -0.050269259)         (0.00042893378 -0.0012133848 -0.01001248)     (0.98240807 -0.65451398 -0.060281739)         (0.0034827193 -0.0023170172 -0.0001782866)    (1.5212706e-06 -4.3034303e-06 -3.5510589e-05) (0.0034842406 -0.0023213207 -0.00021379719)  

Moments - Moment Center (0.1315426 -1.2460601 0.16868178) Moment Axis (0.02245 -0.99937 0.02748)
                          Moments [N m]                                   Coefficients                                   
Zone                      Pressure        Viscous         Total           Pressure        Viscous         Total          
zuofuyi                   0.6735532       0.00094710722   0.6745003       0.0023888458    3.3590414e-06   0.0023922048   
------------------------- --------------- --------------- --------------- --------------- --------------- ---------------
Net                       0.6735532       0.00094710722   0.6745003       0.0023888458    3.3590414e-06   0.0023922048   
                                    "Force Report"

Moments - Moment Center (0.1315426 -1.2460601 0.16868178)
                          Moments [N m]                                                                                                                             Coefficients                                                                                                                             
Zone                      Pressure                                      Viscous                                       Total                                         Pressure                                      Viscous                                       Total                                        
zuofuyi                   (0.98197914 -0.65330059 -0.050269259)         (0.00042893378 -0.0012133848 -0.01001248)     (0.98240807 -0.65451398 -0.060281739)         (0.0034827193 -0.0023170172 -0.0001782866)    (1.5212706e-06 -4.3034303e-06 -3.5510589e-05) (0.0034842406 -0.0023213207 -0.00021379719)  
------------------------- --------------------------------------------- --------------------------------------------- --------------------------------------------- --------------------------------------------- --------------------------------------------- ---------------------------------------------
Net                       (0.98197914 -0.65330059 -0.050269259)         (0.00042893378 -0.0012133848 -0.01001248)     (0.98240807 -0.65451398 -0.060281739)         (0.0034827193 -0.0023170172 -0.0001782866)    (1.5212706e-06 -4.3034303e-06 -3.5510589e-05) (0.0034842406 -0.0023213207 -0.00021379719)  

Moments - Moment Center (0.1315426 -1.2460601 0.16868178) Moment Axis (0.02245 -0.99937 0.02748)
                          Moments [N m]                                   Coefficients                                   
Zone                      Pressure        Viscous         Total           Pressure        Viscous         Total          
zuofuyi                   0.6735532       0.00094710722   0.6745003       0.0023888458    3.3590414e-06   0.0023922048   
------------------------- --------------- --------------- --------------- --------------- --------------- ---------------
Net                       0.6735532       0.00094710722   0.6745003       0.0023888458    3.3590414e-06   0.0023922048   
