                                    "Force Report"

Moments - Moment Center (0.1315426 -1.2460601 0.16868178)
                          Moments [N m]                                                                                                                             Coefficients                                                                                                                             
Zone                      Pressure                                      Viscous                                       Total                                         Pressure                                      Viscous                                       Total                                        
zuofuyi                   (1.3619407 -0.83300121 -0.11665314)           (0.00082111084 -0.001459871 -0.010964785)     (1.3627618 -0.83446108 -0.12761792)           (0.0048303033 -0.0029543493 -0.00041372582)   (2.9121786e-06 -5.1776262e-06 -3.8888063e-05) (0.0048332155 -0.002959527 -0.00045261389)   
------------------------- --------------------------------------------- --------------------------------------------- --------------------------------------------- --------------------------------------------- --------------------------------------------- ---------------------------------------------
Net                       (1.3619407 -0.83300121 -0.11665314)           (0.00082111084 -0.001459871 -0.010964785)     (1.3627618 -0.83446108 -0.12761792)           (0.0048303033 -0.0029543493 -0.00041372582)   (2.9121786e-06 -5.1776262e-06 -3.8888063e-05) (0.0048332155 -0.002959527 -0.00045261389)   

Moments - Moment Center (0.1315426 -1.2460601 0.16868178) Moment Axis (0.02245 -0.99937 0.02748)
                          Moments [N m]                                   Coefficients                                   
Zone                      Pressure        Viscous         Total           Pressure        Viscous         Total          
zuofuyi                   0.85984655      0.0011760732    0.86102263      0.0030495599    4.1710997e-06   0.003053731    
------------------------- --------------- --------------- --------------- --------------- --------------- ---------------
Net                       0.85984655      0.0011760732    0.86102263      0.0030495599    4.1710997e-06   0.003053731    
                                    "Force Report"

Moments - Moment Center (0.1315426 -1.2460601 0.16868178)
                          Moments [N m]                                                                                                                             Coefficients                                                                                                                             
Zone                      Pressure                                      Viscous                                       Total                                         Pressure                                      Viscous                                       Total                                        
zuofuyi                   (1.3619407 -0.83300121 -0.11665314)           (0.00082111084 -0.001459871 -0.010964785)     (1.3627618 -0.83446108 -0.12761792)           (0.0048303033 -0.0029543493 -0.00041372582)   (2.9121786e-06 -5.1776262e-06 -3.8888063e-05) (0.0048332155 -0.002959527 -0.00045261389)   
------------------------- --------------------------------------------- --------------------------------------------- --------------------------------------------- --------------------------------------------- --------------------------------------------- ---------------------------------------------
Net                       (1.3619407 -0.83300121 -0.11665314)           (0.00082111084 -0.001459871 -0.010964785)     (1.3627618 -0.83446108 -0.12761792)           (0.0048303033 -0.0029543493 -0.00041372582)   (2.9121786e-06 -5.1776262e-06 -3.8888063e-05) (0.0048332155 -0.002959527 -0.00045261389)   

Moments - Moment Center (0.1315426 -1.2460601 0.16868178) Moment Axis (0.02245 -0.99937 0.02748)
                          Moments [N m]                                   Coefficients                                   
Zone                      Pressure        Viscous         Total           Pressure        Viscous         Total          
zuofuyi                   0.85984655      0.0011760732    0.86102263      0.0030495599    4.1710997e-06   0.003053731    
------------------------- --------------- --------------- --------------- --------------- --------------- ---------------
Net                       0.85984655      0.0011760732    0.86102263      0.0030495599    4.1710997e-06   0.003053731    
