                                    "Force Report"

Moments - Moment Center (0.1315426 -1.2460601 0.16868178)
                          Moments [N m]                                                                                                                             Coefficients                                                                                                                             
Zone                      Pressure                                      Viscous                                       Total                                         Pressure                                      Viscous                                       Total                                        
zuofuyi                   (1.270323 -0.77122338 -0.067607471)           (0.00039057124 -0.001417439 -0.011415128)     (1.2707136 -0.77264082 -0.079022599)          (0.004505369 -0.0027352461 -0.00023977887)    (1.3852127e-06 -5.0271355e-06 -4.0485265e-05) (0.0045067542 -0.0027402732 -0.00028026413)  
------------------------- --------------------------------------------- --------------------------------------------- --------------------------------------------- --------------------------------------------- --------------------------------------------- ---------------------------------------------
Net                       (1.270323 -0.77122338 -0.067607471)           (0.00039057124 -0.001417439 -0.011415128)     (1.2707136 -0.77264082 -0.079022599)          (0.004505369 -0.0027352461 -0.00023977887)    (1.3852127e-06 -5.0271355e-06 -4.0485265e-05) (0.0045067542 -0.0027402732 -0.00028026413)  

Moments - Moment Center (0.1315426 -1.2460601 0.16868178) Moment Axis (0.02245 -0.99937 0.02748)
                          Moments [N m]                                   Coefficients                                   
Zone                      Pressure        Viscous         Total           Pressure        Viscous         Total          
zuofuyi                   0.79739859      0.0011116269    0.79851022      0.0028280799    3.9425322e-06   0.0028320224   
------------------------- --------------- --------------- --------------- --------------- --------------- ---------------
Net                       0.79739859      0.0011116269    0.79851022      0.0028280799    3.9425322e-06   0.0028320224   
                                    "Force Report"

Moments - Moment Center (0.1315426 -1.2460601 0.16868178)
                          Moments [N m]                                                                                                                             Coefficients                                                                                                                             
Zone                      Pressure                                      Viscous                                       Total                                         Pressure                                      Viscous                                       Total                                        
zuofuyi                   (1.270323 -0.77122338 -0.067607471)           (0.00039057124 -0.001417439 -0.011415128)     (1.2707136 -0.77264082 -0.079022599)          (0.004505369 -0.0027352461 -0.00023977887)    (1.3852127e-06 -5.0271355e-06 -4.0485265e-05) (0.0045067542 -0.0027402732 -0.00028026413)  
------------------------- --------------------------------------------- --------------------------------------------- --------------------------------------------- --------------------------------------------- --------------------------------------------- ---------------------------------------------
Net                       (1.270323 -0.77122338 -0.067607471)           (0.00039057124 -0.001417439 -0.011415128)     (1.2707136 -0.77264082 -0.079022599)          (0.004505369 -0.0027352461 -0.00023977887)    (1.3852127e-06 -5.0271355e-06 -4.0485265e-05) (0.0045067542 -0.0027402732 -0.00028026413)  

Moments - Moment Center (0.1315426 -1.2460601 0.16868178) Moment Axis (0.02245 -0.99937 0.02748)
                          Moments [N m]                                   Coefficients                                   
Zone                      Pressure        Viscous         Total           Pressure        Viscous         Total          
zuofuyi                   0.79739859      0.0011116269    0.79851022      0.0028280799    3.9425322e-06   0.0028320224   
------------------------- --------------- --------------- --------------- --------------- --------------- ---------------
Net                       0.79739859      0.0011116269    0.79851022      0.0028280799    3.9425322e-06   0.0028320224   
