                                    "Force Report"

Moments - Moment Center (0.1315426 -1.2460601 0.16868178)
                          Moments [N m]                                                                                                                             Coefficients                                                                                                                             
Zone                      Pressure                                      Viscous                                       Total                                         Pressure                                      Viscous                                       Total                                        
zuofuyi                   (1.6646883 -1.0583019 -0.24921921)            (0.0011035211 -0.0016290093 -0.01279847)      (1.6657918 -1.0599309 -0.26201768)            (0.0059040379 -0.0037534082 -0.000883889)     (3.913784e-06 -5.7774978e-06 -4.5391474e-05)  (0.0059079517 -0.0037591857 -0.00092928047)  
------------------------- --------------------------------------------- --------------------------------------------- --------------------------------------------- --------------------------------------------- --------------------------------------------- ---------------------------------------------
Net                       (1.6646883 -1.0583019 -0.24921921)            (0.0011035211 -0.0016290093 -0.01279847)      (1.6657918 -1.0599309 -0.26201768)            (0.0059040379 -0.0037534082 -0.000883889)     (3.913784e-06 -5.7774978e-06 -4.5391474e-05)  (0.0059079517 -0.0037591857 -0.00092928047)  

Moments - Moment Center (0.1315426 -1.2460601 0.16868178) Moment Axis (0.02245 -0.99937 0.02748)
                          Moments [N m]                                   Coefficients                                   
Zone                      Pressure        Viscous         Total           Pressure        Viscous         Total          
zuofuyi                   1.0881592       0.0013010554    1.0894602       0.0038593008    4.6143657e-06   0.0038639152   
------------------------- --------------- --------------- --------------- --------------- --------------- ---------------
Net                       1.0881592       0.0013010554    1.0894602       0.0038593008    4.6143657e-06   0.0038639152   
                                    "Force Report"

Moments - Moment Center (0.1315426 -1.2460601 0.16868178)
                          Moments [N m]                                                                                                                             Coefficients                                                                                                                             
Zone                      Pressure                                      Viscous                                       Total                                         Pressure                                      Viscous                                       Total                                        
zuofuyi                   (1.6646883 -1.0583019 -0.24921921)            (0.0011035211 -0.0016290093 -0.01279847)      (1.6657918 -1.0599309 -0.26201768)            (0.0059040379 -0.0037534082 -0.000883889)     (3.913784e-06 -5.7774978e-06 -4.5391474e-05)  (0.0059079517 -0.0037591857 -0.00092928047)  
------------------------- --------------------------------------------- --------------------------------------------- --------------------------------------------- --------------------------------------------- --------------------------------------------- ---------------------------------------------
Net                       (1.6646883 -1.0583019 -0.24921921)            (0.0011035211 -0.0016290093 -0.01279847)      (1.6657918 -1.0599309 -0.26201768)            (0.0059040379 -0.0037534082 -0.000883889)     (3.913784e-06 -5.7774978e-06 -4.5391474e-05)  (0.0059079517 -0.0037591857 -0.00092928047)  

Moments - Moment Center (0.1315426 -1.2460601 0.16868178) Moment Axis (0.02245 -0.99937 0.02748)
                          Moments [N m]                                   Coefficients                                   
Zone                      Pressure        Viscous         Total           Pressure        Viscous         Total          
zuofuyi                   1.0881592       0.0013010554    1.0894602       0.0038593008    4.6143657e-06   0.0038639152   
------------------------- --------------- --------------- --------------- --------------- --------------- ---------------
Net                       1.0881592       0.0013010554    1.0894602       0.0038593008    4.6143657e-06   0.0038639152   
