                                    "Force Report"

Moments - Moment Center (0.1315426 -1.2460601 0.16868178)
                          Moments [N m]                                                                                                                             Coefficients                                                                                                                             
Zone                      Pressure                                      Viscous                                       Total                                         Pressure                                      Viscous                                       Total                                        
zuofuyi                   (1.651649 -0.91541719 -0.18020469)            (0.0014541153 -0.0014758834 -0.010413836)     (1.6531031 -0.91689307 -0.19061853)           (0.0058577922 -0.0032466485 -0.00063911986)   (5.1572127e-06 -5.2344162e-06 -3.693405e-05)  (0.0058629494 -0.003251883 -0.00067605391)   
------------------------- --------------------------------------------- --------------------------------------------- --------------------------------------------- --------------------------------------------- --------------------------------------------- ---------------------------------------------
Net                       (1.651649 -0.91541719 -0.18020469)            (0.0014541153 -0.0014758834 -0.010413836)     (1.6531031 -0.91689307 -0.19061853)           (0.0058577922 -0.0032466485 -0.00063911986)   (5.1572127e-06 -5.2344162e-06 -3.693405e-05)  (0.0058629494 -0.003251883 -0.00067605391)   

Moments - Moment Center (0.1315426 -1.2460601 0.16868178) Moment Axis (0.02245 -0.99937 0.02748)
                          Moments [N m]                                   Coefficients                                   
Zone                      Pressure        Viscous         Total           Pressure        Viscous         Total          
zuofuyi                   0.94696819      0.0012214265    0.94818961      0.0033585483    4.3319512e-06   0.0033628803   
------------------------- --------------- --------------- --------------- --------------- --------------- ---------------
Net                       0.94696819      0.0012214265    0.94818961      0.0033585483    4.3319512e-06   0.0033628803   
                                    "Force Report"

Moments - Moment Center (0.1315426 -1.2460601 0.16868178)
                          Moments [N m]                                                                                                                             Coefficients                                                                                                                             
Zone                      Pressure                                      Viscous                                       Total                                         Pressure                                      Viscous                                       Total                                        
zuofuyi                   (1.651649 -0.91541719 -0.18020469)            (0.0014541153 -0.0014758834 -0.010413836)     (1.6531031 -0.91689307 -0.19061853)           (0.0058577922 -0.0032466485 -0.00063911986)   (5.1572127e-06 -5.2344162e-06 -3.693405e-05)  (0.0058629494 -0.003251883 -0.00067605391)   
------------------------- --------------------------------------------- --------------------------------------------- --------------------------------------------- --------------------------------------------- --------------------------------------------- ---------------------------------------------
Net                       (1.651649 -0.91541719 -0.18020469)            (0.0014541153 -0.0014758834 -0.010413836)     (1.6531031 -0.91689307 -0.19061853)           (0.0058577922 -0.0032466485 -0.00063911986)   (5.1572127e-06 -5.2344162e-06 -3.693405e-05)  (0.0058629494 -0.003251883 -0.00067605391)   

Moments - Moment Center (0.1315426 -1.2460601 0.16868178) Moment Axis (0.02245 -0.99937 0.02748)
                          Moments [N m]                                   Coefficients                                   
Zone                      Pressure        Viscous         Total           Pressure        Viscous         Total          
zuofuyi                   0.94696819      0.0012214265    0.94818961      0.0033585483    4.3319512e-06   0.0033628803   
------------------------- --------------- --------------- --------------- --------------- --------------- ---------------
Net                       0.94696819      0.0012214265    0.94818961      0.0033585483    4.3319512e-06   0.0033628803   
