                                    "Force Report"

Moments - Moment Center (0.1315426 -1.2460601 0.16868178)
                          Moments [N m]                                                                                                                             Coefficients                                                                                                                             
Zone                      Pressure                                      Viscous                                       Total                                         Pressure                                      Viscous                                       Total                                        
zuofuyi                   (1.0759704 -0.69601636 -0.045310117)          (-0.00066114373 -0.0012552798 -0.013306991)   (1.0753093 -0.69727164 -0.058617108)          (0.0038160719 -0.0024685144 -0.00016069834)   (-2.344834e-06 -4.4520163e-06 -4.7195009e-05) (0.0038137271 -0.0024729664 -0.00020789335)  
------------------------- --------------------------------------------- --------------------------------------------- --------------------------------------------- --------------------------------------------- --------------------------------------------- ---------------------------------------------
Net                       (1.0759704 -0.69601636 -0.045310117)          (-0.00066114373 -0.0012552798 -0.013306991)   (1.0753093 -0.69727164 -0.058617108)          (0.0038160719 -0.0024685144 -0.00016069834)   (-2.344834e-06 -4.4520163e-06 -4.7195009e-05) (0.0038137271 -0.0024729664 -0.00020789335)  

Moments - Moment Center (0.1315426 -1.2460601 0.16868178) Moment Axis (0.02245 -0.99937 0.02748)
                          Moments [N m]                                   Coefficients                                   
Zone                      Pressure        Viscous         Total           Pressure        Viscous         Total          
zuofuyi                   0.71848844      0.00087397036   0.71936241      0.0025482146    3.0996519e-06   0.0025513143   
------------------------- --------------- --------------- --------------- --------------- --------------- ---------------
Net                       0.71848844      0.00087397036   0.71936241      0.0025482146    3.0996519e-06   0.0025513143   
                                    "Force Report"

Moments - Moment Center (0.1315426 -1.2460601 0.16868178)
                          Moments [N m]                                                                                                                             Coefficients                                                                                                                             
Zone                      Pressure                                      Viscous                                       Total                                         Pressure                                      Viscous                                       Total                                        
zuofuyi                   (1.0759704 -0.69601636 -0.045310117)          (-0.00066114373 -0.0012552798 -0.013306991)   (1.0753093 -0.69727164 -0.058617108)          (0.0038160719 -0.0024685144 -0.00016069834)   (-2.344834e-06 -4.4520163e-06 -4.7195009e-05) (0.0038137271 -0.0024729664 -0.00020789335)  
------------------------- --------------------------------------------- --------------------------------------------- --------------------------------------------- --------------------------------------------- --------------------------------------------- ---------------------------------------------
Net                       (1.0759704 -0.69601636 -0.045310117)          (-0.00066114373 -0.0012552798 -0.013306991)   (1.0753093 -0.69727164 -0.058617108)          (0.0038160719 -0.0024685144 -0.00016069834)   (-2.344834e-06 -4.4520163e-06 -4.7195009e-05) (0.0038137271 -0.0024729664 -0.00020789335)  

Moments - Moment Center (0.1315426 -1.2460601 0.16868178) Moment Axis (0.02245 -0.99937 0.02748)
                          Moments [N m]                                   Coefficients                                   
Zone                      Pressure        Viscous         Total           Pressure        Viscous         Total          
zuofuyi                   0.71848844      0.00087397036   0.71936241      0.0025482146    3.0996519e-06   0.0025513143   
------------------------- --------------- --------------- --------------- --------------- --------------- ---------------
Net                       0.71848844      0.00087397036   0.71936241      0.0025482146    3.0996519e-06   0.0025513143   
