                                    "Force Report"

Moments - Moment Center (0.1315426 -1.2460601 0.16868178)
                          Moments [N m]                                                                                                                             Coefficients                                                                                                                             
Zone                      Pressure                                      Viscous                                       Total                                         Pressure                                      Viscous                                       Total                                        
zuofuyi                   (1.9218492 -1.0863451 -0.22923875)            (0.0013731941 -0.0015343379 -0.012880013)     (1.9232224 -1.0878795 -0.24211876)            (0.0068160932 -0.0038528671 -0.00081302565)   (4.8702152e-06 -5.4417329e-06 -4.5680674e-05) (0.0068209634 -0.0038583089 -0.00085870632)  
------------------------- --------------------------------------------- --------------------------------------------- --------------------------------------------- --------------------------------------------- --------------------------------------------- ---------------------------------------------
Net                       (1.9218492 -1.0863451 -0.22923875)            (0.0013731941 -0.0015343379 -0.012880013)     (1.9232224 -1.0878795 -0.24211876)            (0.0068160932 -0.0038528671 -0.00081302565)   (4.8702152e-06 -5.4417329e-06 -4.5680674e-05) (0.0068209634 -0.0038583089 -0.00085870632)  

Moments - Moment Center (0.1315426 -1.2460601 0.16868178) Moment Axis (0.02245 -0.99937 0.02748)
                          Moments [N m]                                   Coefficients                                   
Zone                      Pressure        Viscous         Total           Pressure        Viscous         Total          
zuofuyi                   1.122507        0.001210257     1.1237173       0.0039811201    4.292337e-06    0.0039854124   
------------------------- --------------- --------------- --------------- --------------- --------------- ---------------
Net                       1.122507        0.001210257     1.1237173       0.0039811201    4.292337e-06    0.0039854124   
                                    "Force Report"

Moments - Moment Center (0.1315426 -1.2460601 0.16868178)
                          Moments [N m]                                                                                                                             Coefficients                                                                                                                             
Zone                      Pressure                                      Viscous                                       Total                                         Pressure                                      Viscous                                       Total                                        
zuofuyi                   (1.9218492 -1.0863451 -0.22923875)            (0.0013731941 -0.0015343379 -0.012880013)     (1.9232224 -1.0878795 -0.24211876)            (0.0068160932 -0.0038528671 -0.00081302565)   (4.8702152e-06 -5.4417329e-06 -4.5680674e-05) (0.0068209634 -0.0038583089 -0.00085870632)  
------------------------- --------------------------------------------- --------------------------------------------- --------------------------------------------- --------------------------------------------- --------------------------------------------- ---------------------------------------------
Net                       (1.9218492 -1.0863451 -0.22923875)            (0.0013731941 -0.0015343379 -0.012880013)     (1.9232224 -1.0878795 -0.24211876)            (0.0068160932 -0.0038528671 -0.00081302565)   (4.8702152e-06 -5.4417329e-06 -4.5680674e-05) (0.0068209634 -0.0038583089 -0.00085870632)  

Moments - Moment Center (0.1315426 -1.2460601 0.16868178) Moment Axis (0.02245 -0.99937 0.02748)
                          Moments [N m]                                   Coefficients                                   
Zone                      Pressure        Viscous         Total           Pressure        Viscous         Total          
zuofuyi                   1.122507        0.001210257     1.1237173       0.0039811201    4.292337e-06    0.0039854124   
------------------------- --------------- --------------- --------------- --------------- --------------- ---------------
Net                       1.122507        0.001210257     1.1237173       0.0039811201    4.292337e-06    0.0039854124   
