                                    "Force Report"

Moments - Moment Center (0.1315426 -1.2460601 0.16868178)
                          Moments [N m]                                                                                                                             Coefficients                                                                                                                             
Zone                      Pressure                                      Viscous                                       Total                                         Pressure                                      Viscous                                       Total                                        
zuofuyi                   (1.8594671 -0.97453857 -0.23332606)           (0.0020690371 -0.0014826859 -0.01008064)      (1.8615362 -0.97602126 -0.2434067)            (0.0065948469 -0.0034563304 -0.00082752182)   (7.3381148e-06 -5.2585423e-06 -3.5752328e-05) (0.0066021851 -0.0034615889 -0.00086327415)  
------------------------- --------------------------------------------- --------------------------------------------- --------------------------------------------- --------------------------------------------- --------------------------------------------- ---------------------------------------------
Net                       (1.8594671 -0.97453857 -0.23332606)           (0.0020690371 -0.0014826859 -0.01008064)      (1.8615362 -0.97602126 -0.2434067)            (0.0065948469 -0.0034563304 -0.00082752182)   (7.3381148e-06 -5.2585423e-06 -3.5752328e-05) (0.0066021851 -0.0034615889 -0.00086327415)  

Moments - Moment Center (0.1315426 -1.2460601 0.16868178) Moment Axis (0.02245 -0.99937 0.02748)
                          Moments [N m]                                   Coefficients                                   
Zone                      Pressure        Viscous         Total           Pressure        Viscous         Total          
zuofuyi                   1.0092581       0.001251186     1.0105093       0.0035794677    4.4374972e-06   0.0035839052   
------------------------- --------------- --------------- --------------- --------------- --------------- ---------------
Net                       1.0092581       0.001251186     1.0105093       0.0035794677    4.4374972e-06   0.0035839052   
                                    "Force Report"

Moments - Moment Center (0.1315426 -1.2460601 0.16868178)
                          Moments [N m]                                                                                                                             Coefficients                                                                                                                             
Zone                      Pressure                                      Viscous                                       Total                                         Pressure                                      Viscous                                       Total                                        
zuofuyi                   (1.8594671 -0.97453857 -0.23332606)           (0.0020690371 -0.0014826859 -0.01008064)      (1.8615362 -0.97602126 -0.2434067)            (0.0065948469 -0.0034563304 -0.00082752182)   (7.3381148e-06 -5.2585423e-06 -3.5752328e-05) (0.0066021851 -0.0034615889 -0.00086327415)  
------------------------- --------------------------------------------- --------------------------------------------- --------------------------------------------- --------------------------------------------- --------------------------------------------- ---------------------------------------------
Net                       (1.8594671 -0.97453857 -0.23332606)           (0.0020690371 -0.0014826859 -0.01008064)      (1.8615362 -0.97602126 -0.2434067)            (0.0065948469 -0.0034563304 -0.00082752182)   (7.3381148e-06 -5.2585423e-06 -3.5752328e-05) (0.0066021851 -0.0034615889 -0.00086327415)  

Moments - Moment Center (0.1315426 -1.2460601 0.16868178) Moment Axis (0.02245 -0.99937 0.02748)
                          Moments [N m]                                   Coefficients                                   
Zone                      Pressure        Viscous         Total           Pressure        Viscous         Total          
zuofuyi                   1.0092581       0.001251186     1.0105093       0.0035794677    4.4374972e-06   0.0035839052   
------------------------- --------------- --------------- --------------- --------------- --------------- ---------------
Net                       1.0092581       0.001251186     1.0105093       0.0035794677    4.4374972e-06   0.0035839052   
