                                    "Force Report"

Moments - Moment Center (0.1315426 -1.2460601 0.16868178)
                          Moments [N m]                                                                                                                             Coefficients                                                                                                                             
Zone                      Pressure                                      Viscous                                       Total                                         Pressure                                      Viscous                                       Total                                        
zuofuyi                   (1.9919927 -1.1418197 -0.30530217)            (0.0013481314 -0.00159234 -0.013468204)       (1.9933408 -1.143412 -0.31877037)             (0.0070648663 -0.004049615 -0.0010827947)     (4.7813268e-06 -5.6474453e-06 -4.7766773e-05) (0.0070696476 -0.0040552625 -0.0011305614)   
------------------------- --------------------------------------------- --------------------------------------------- --------------------------------------------- --------------------------------------------- --------------------------------------------- ---------------------------------------------
Net                       (1.9919927 -1.1418197 -0.30530217)            (0.0013481314 -0.00159234 -0.013468204)       (1.9933408 -1.143412 -0.31877037)             (0.0070648663 -0.004049615 -0.0010827947)     (4.7813268e-06 -5.6474453e-06 -4.7766773e-05) (0.0070696476 -0.0040552625 -0.0011305614)   

Moments - Moment Center (0.1315426 -1.2460601 0.16868178) Moment Axis (0.02245 -0.99937 0.02748)
                          Moments [N m]                                   Coefficients                                   
Zone                      Pressure        Viscous         Total           Pressure        Viscous         Total          
zuofuyi                   1.1774311       0.0012514965    1.1786826       0.0041759158    4.4385982e-06   0.0041803544   
------------------------- --------------- --------------- --------------- --------------- --------------- ---------------
Net                       1.1774311       0.0012514965    1.1786826       0.0041759158    4.4385982e-06   0.0041803544   
                                    "Force Report"

Moments - Moment Center (0.1315426 -1.2460601 0.16868178)
                          Moments [N m]                                                                                                                             Coefficients                                                                                                                             
Zone                      Pressure                                      Viscous                                       Total                                         Pressure                                      Viscous                                       Total                                        
zuofuyi                   (1.9919927 -1.1418197 -0.30530217)            (0.0013481314 -0.00159234 -0.013468204)       (1.9933408 -1.143412 -0.31877037)             (0.0070648663 -0.004049615 -0.0010827947)     (4.7813268e-06 -5.6474453e-06 -4.7766773e-05) (0.0070696476 -0.0040552625 -0.0011305614)   
------------------------- --------------------------------------------- --------------------------------------------- --------------------------------------------- --------------------------------------------- --------------------------------------------- ---------------------------------------------
Net                       (1.9919927 -1.1418197 -0.30530217)            (0.0013481314 -0.00159234 -0.013468204)       (1.9933408 -1.143412 -0.31877037)             (0.0070648663 -0.004049615 -0.0010827947)     (4.7813268e-06 -5.6474453e-06 -4.7766773e-05) (0.0070696476 -0.0040552625 -0.0011305614)   

Moments - Moment Center (0.1315426 -1.2460601 0.16868178) Moment Axis (0.02245 -0.99937 0.02748)
                          Moments [N m]                                   Coefficients                                   
Zone                      Pressure        Viscous         Total           Pressure        Viscous         Total          
zuofuyi                   1.1774311       0.0012514965    1.1786826       0.0041759158    4.4385982e-06   0.0041803544   
------------------------- --------------- --------------- --------------- --------------- --------------- ---------------
Net                       1.1774311       0.0012514965    1.1786826       0.0041759158    4.4385982e-06   0.0041803544   
