                                    "Force Report"

Moments - Moment Center (0.1315426 -1.2460601 0.16868178)
                          Moments [N m]                                                                                                                             Coefficients                                                                                                                             
Zone                      Pressure                                      Viscous                                       Total                                         Pressure                                      Viscous                                       Total                                        
zuofuyi                   (1.4712892 -0.87638631 -0.16448923)           (0.00093540044 -0.0014845052 -0.010851423)    (1.4722246 -0.87787081 -0.17534066)           (0.0052181225 -0.0031082203 -0.00058338289)   (3.3175218e-06 -5.2649946e-06 -3.8486011e-05) (0.00522144 -0.0031134853 -0.0006218689)     
------------------------- --------------------------------------------- --------------------------------------------- --------------------------------------------- --------------------------------------------- --------------------------------------------- ---------------------------------------------
Net                       (1.4712892 -0.87638631 -0.16448923)           (0.00093540044 -0.0014845052 -0.010851423)    (1.4722246 -0.87787081 -0.17534066)           (0.0052181225 -0.0031082203 -0.00058338289)   (3.3175218e-06 -5.2649946e-06 -3.8486011e-05) (0.00522144 -0.0031134853 -0.0006218689)     

Moments - Moment Center (0.1315426 -1.2460601 0.16868178) Moment Axis (0.02245 -0.99937 0.02748)
                          Moments [N m]                                   Coefficients                                   
Zone                      Pressure        Viscous         Total           Pressure        Viscous         Total          
zuofuyi                   0.90434467      0.0012063728    0.90555104      0.0032073784    4.2785614e-06   0.0032116569   
------------------------- --------------- --------------- --------------- --------------- --------------- ---------------
Net                       0.90434467      0.0012063728    0.90555104      0.0032073784    4.2785614e-06   0.0032116569   
                                    "Force Report"

Moments - Moment Center (0.1315426 -1.2460601 0.16868178)
                          Moments [N m]                                                                                                                             Coefficients                                                                                                                             
Zone                      Pressure                                      Viscous                                       Total                                         Pressure                                      Viscous                                       Total                                        
zuofuyi                   (1.4712892 -0.87638631 -0.16448923)           (0.00093540044 -0.0014845052 -0.010851423)    (1.4722246 -0.87787081 -0.17534066)           (0.0052181225 -0.0031082203 -0.00058338289)   (3.3175218e-06 -5.2649946e-06 -3.8486011e-05) (0.00522144 -0.0031134853 -0.0006218689)     
------------------------- --------------------------------------------- --------------------------------------------- --------------------------------------------- --------------------------------------------- --------------------------------------------- ---------------------------------------------
Net                       (1.4712892 -0.87638631 -0.16448923)           (0.00093540044 -0.0014845052 -0.010851423)    (1.4722246 -0.87787081 -0.17534066)           (0.0052181225 -0.0031082203 -0.00058338289)   (3.3175218e-06 -5.2649946e-06 -3.8486011e-05) (0.00522144 -0.0031134853 -0.0006218689)     

Moments - Moment Center (0.1315426 -1.2460601 0.16868178) Moment Axis (0.02245 -0.99937 0.02748)
                          Moments [N m]                                   Coefficients                                   
Zone                      Pressure        Viscous         Total           Pressure        Viscous         Total          
zuofuyi                   0.90434467      0.0012063728    0.90555104      0.0032073784    4.2785614e-06   0.0032116569   
------------------------- --------------- --------------- --------------- --------------- --------------- ---------------
Net                       0.90434467      0.0012063728    0.90555104      0.0032073784    4.2785614e-06   0.0032116569   
