                                    "Force Report"

Moments - Moment Center (0.1315426 -1.2460601 0.16868178)
                          Moments [N m]                                                                                                                             Coefficients                                                                                                                             
Zone                      Pressure                                      Viscous                                       Total                                         Pressure                                      Viscous                                       Total                                        
zuofuyi                   (1.3354884 -0.82782126 -0.098229471)          (-8.9190645e-05 -0.0014286406 -0.013060972)   (1.3353992 -0.8292499 -0.11129044)            (0.004736487 -0.0029359779 -0.00034838385)    (-3.1632646e-07 -5.0668635e-06 -4.6322469e-05) (0.0047361706 -0.0029410448 -0.00039470632)  
------------------------- --------------------------------------------- --------------------------------------------- --------------------------------------------- --------------------------------------------- --------------------------------------------- ---------------------------------------------
Net                       (1.3354884 -0.82782126 -0.098229471)          (-8.9190645e-05 -0.0014286406 -0.013060972)   (1.3353992 -0.8292499 -0.11129044)            (0.004736487 -0.0029359779 -0.00034838385)    (-3.1632646e-07 -5.0668635e-06 -4.6322469e-05) (0.0047361706 -0.0029410448 -0.00039470632)  

Moments - Moment Center (0.1315426 -1.2460601 0.16868178) Moment Axis (0.02245 -0.99937 0.02748)
                          Moments [N m]                                   Coefficients                                   
Zone                      Pressure        Viscous         Total           Pressure        Viscous         Total          
zuofuyi                   0.85458229      0.001066823     0.85564912      0.0030308895    3.7836293e-06   0.0030346731   
------------------------- --------------- --------------- --------------- --------------- --------------- ---------------
Net                       0.85458229      0.001066823     0.85564912      0.0030308895    3.7836293e-06   0.0030346731   
                                    "Force Report"

Moments - Moment Center (0.1315426 -1.2460601 0.16868178)
                          Moments [N m]                                                                                                                             Coefficients                                                                                                                             
Zone                      Pressure                                      Viscous                                       Total                                         Pressure                                      Viscous                                       Total                                        
zuofuyi                   (1.3354884 -0.82782126 -0.098229471)          (-8.9190645e-05 -0.0014286406 -0.013060972)   (1.3353992 -0.8292499 -0.11129044)            (0.004736487 -0.0029359779 -0.00034838385)    (-3.1632646e-07 -5.0668635e-06 -4.6322469e-05) (0.0047361706 -0.0029410448 -0.00039470632)  
------------------------- --------------------------------------------- --------------------------------------------- --------------------------------------------- --------------------------------------------- --------------------------------------------- ---------------------------------------------
Net                       (1.3354884 -0.82782126 -0.098229471)          (-8.9190645e-05 -0.0014286406 -0.013060972)   (1.3353992 -0.8292499 -0.11129044)            (0.004736487 -0.0029359779 -0.00034838385)    (-3.1632646e-07 -5.0668635e-06 -4.6322469e-05) (0.0047361706 -0.0029410448 -0.00039470632)  

Moments - Moment Center (0.1315426 -1.2460601 0.16868178) Moment Axis (0.02245 -0.99937 0.02748)
                          Moments [N m]                                   Coefficients                                   
Zone                      Pressure        Viscous         Total           Pressure        Viscous         Total          
zuofuyi                   0.85458229      0.001066823     0.85564912      0.0030308895    3.7836293e-06   0.0030346731   
------------------------- --------------- --------------- --------------- --------------- --------------- ---------------
Net                       0.85458229      0.001066823     0.85564912      0.0030308895    3.7836293e-06   0.0030346731   
