                                    "Force Report"

Moments - Moment Center (0.1315426 -1.2460601 0.16868178)
                          Moments [N m]                                                                                                                             Coefficients                                                                                                                             
Zone                      Pressure                                      Viscous                                       Total                                         Pressure                                      Viscous                                       Total                                        
zuofuyi                   (2.0577048 -1.180538 -0.28425942)             (0.0015108592 -0.0014562709 -0.013290978)     (2.0592157 -1.1819943 -0.2975504)             (0.0072979232 -0.0041869346 -0.0010081638)    (5.3584627e-06 -5.1648581e-06 -4.7138218e-05) (0.0073032817 -0.0041920995 -0.001055302)    
------------------------- --------------------------------------------- --------------------------------------------- --------------------------------------------- --------------------------------------------- --------------------------------------------- ---------------------------------------------
Net                       (2.0577048 -1.180538 -0.28425942)             (0.0015108592 -0.0014562709 -0.013290978)     (2.0592157 -1.1819943 -0.2975504)             (0.0072979232 -0.0041869346 -0.0010081638)    (5.3584627e-06 -5.1648581e-06 -4.7138218e-05) (0.0073032817 -0.0041920995 -0.001055302)    

Moments - Moment Center (0.1315426 -1.2460601 0.16868178) Moment Axis (0.02245 -0.99937 0.02748)
                          Moments [N m]                                   Coefficients                                   
Zone                      Pressure        Viscous         Total           Pressure        Viscous         Total          
zuofuyi                   1.2181786       0.0011240364    1.2193026       0.0043204319    3.9865444e-06   0.0043244184   
------------------------- --------------- --------------- --------------- --------------- --------------- ---------------
Net                       1.2181786       0.0011240364    1.2193026       0.0043204319    3.9865444e-06   0.0043244184   
                                    "Force Report"

Moments - Moment Center (0.1315426 -1.2460601 0.16868178)
                          Moments [N m]                                                                                                                             Coefficients                                                                                                                             
Zone                      Pressure                                      Viscous                                       Total                                         Pressure                                      Viscous                                       Total                                        
zuofuyi                   (2.0577048 -1.180538 -0.28425942)             (0.0015108592 -0.0014562709 -0.013290978)     (2.0592157 -1.1819943 -0.2975504)             (0.0072979232 -0.0041869346 -0.0010081638)    (5.3584627e-06 -5.1648581e-06 -4.7138218e-05) (0.0073032817 -0.0041920995 -0.001055302)    
------------------------- --------------------------------------------- --------------------------------------------- --------------------------------------------- --------------------------------------------- --------------------------------------------- ---------------------------------------------
Net                       (2.0577048 -1.180538 -0.28425942)             (0.0015108592 -0.0014562709 -0.013290978)     (2.0592157 -1.1819943 -0.2975504)             (0.0072979232 -0.0041869346 -0.0010081638)    (5.3584627e-06 -5.1648581e-06 -4.7138218e-05) (0.0073032817 -0.0041920995 -0.001055302)    

Moments - Moment Center (0.1315426 -1.2460601 0.16868178) Moment Axis (0.02245 -0.99937 0.02748)
                          Moments [N m]                                   Coefficients                                   
Zone                      Pressure        Viscous         Total           Pressure        Viscous         Total          
zuofuyi                   1.2181786       0.0011240364    1.2193026       0.0043204319    3.9865444e-06   0.0043244184   
------------------------- --------------- --------------- --------------- --------------- --------------- ---------------
Net                       1.2181786       0.0011240364    1.2193026       0.0043204319    3.9865444e-06   0.0043244184   
