                                    "Force Report"

Moments - Moment Center (0.1315426 -1.2460601 0.16868178)
                          Moments [N m]                                                                                                                             Coefficients                                                                                                                             
Zone                      Pressure                                      Viscous                                       Total                                         Pressure                                      Viscous                                       Total                                        
zuofuyi                   (1.2029001 -0.78077673 -0.1080134)            (0.00072743432 -0.0014313558 -0.010168213)    (1.2036275 -0.78220808 -0.11818161)           (0.0042662447 -0.0027691283 -0.00038308385)   (2.5799423e-06 -5.0764934e-06 -3.6062917e-05) (0.0042688246 -0.0027742048 -0.00041914676)  
------------------------- --------------------------------------------- --------------------------------------------- --------------------------------------------- --------------------------------------------- --------------------------------------------- ---------------------------------------------
Net                       (1.2029001 -0.78077673 -0.1080134)            (0.00072743432 -0.0014313558 -0.010168213)    (1.2036275 -0.78220808 -0.11818161)           (0.0042662447 -0.0027691283 -0.00038308385)   (2.5799423e-06 -5.0764934e-06 -3.6062917e-05) (0.0042688246 -0.0027742048 -0.00041914676)  

Moments - Moment Center (0.1315426 -1.2460601 0.16868178) Moment Axis (0.02245 -0.99937 0.02748)
                          Moments [N m]                                   Coefficients                                   
Zone                      Pressure        Viscous         Total           Pressure        Viscous         Total          
zuofuyi                   0.80432192      0.0011673628    0.80548928      0.0028526344    4.1402069e-06   0.0028567746   
------------------------- --------------- --------------- --------------- --------------- --------------- ---------------
Net                       0.80432192      0.0011673628    0.80548928      0.0028526344    4.1402069e-06   0.0028567746   
                                    "Force Report"

Moments - Moment Center (0.1315426 -1.2460601 0.16868178)
                          Moments [N m]                                                                                                                             Coefficients                                                                                                                             
Zone                      Pressure                                      Viscous                                       Total                                         Pressure                                      Viscous                                       Total                                        
zuofuyi                   (1.2029001 -0.78077673 -0.1080134)            (0.00072743432 -0.0014313558 -0.010168213)    (1.2036275 -0.78220808 -0.11818161)           (0.0042662447 -0.0027691283 -0.00038308385)   (2.5799423e-06 -5.0764934e-06 -3.6062917e-05) (0.0042688246 -0.0027742048 -0.00041914676)  
------------------------- --------------------------------------------- --------------------------------------------- --------------------------------------------- --------------------------------------------- --------------------------------------------- ---------------------------------------------
Net                       (1.2029001 -0.78077673 -0.1080134)            (0.00072743432 -0.0014313558 -0.010168213)    (1.2036275 -0.78220808 -0.11818161)           (0.0042662447 -0.0027691283 -0.00038308385)   (2.5799423e-06 -5.0764934e-06 -3.6062917e-05) (0.0042688246 -0.0027742048 -0.00041914676)  

Moments - Moment Center (0.1315426 -1.2460601 0.16868178) Moment Axis (0.02245 -0.99937 0.02748)
                          Moments [N m]                                   Coefficients                                   
Zone                      Pressure        Viscous         Total           Pressure        Viscous         Total          
zuofuyi                   0.80432192      0.0011673628    0.80548928      0.0028526344    4.1402069e-06   0.0028567746   
------------------------- --------------- --------------- --------------- --------------- --------------- ---------------
Net                       0.80432192      0.0011673628    0.80548928      0.0028526344    4.1402069e-06   0.0028567746   
