                                    "Force Report"

Moments - Moment Center (0.1315426 -1.2460601 0.16868178)
                          Moments [N m]                                                                                                                             Coefficients                                                                                                                             
Zone                      Pressure                                      Viscous                                       Total                                         Pressure                                      Viscous                                       Total                                        
zuofuyi                   (1.0921832 -0.72493879 -0.042813615)          (4.1913977e-05 -0.0013577207 -0.011594891)    (1.0922251 -0.72629651 -0.054408506)          (0.0038735725 -0.0025710916 -0.00015184417)   (1.4865348e-07 -4.8153366e-06 -4.1122819e-05) (0.0038737211 -0.002575907 -0.00019296698)   
------------------------- --------------------------------------------- --------------------------------------------- --------------------------------------------- --------------------------------------------- --------------------------------------------- ---------------------------------------------
Net                       (1.0921832 -0.72493879 -0.042813615)          (4.1913977e-05 -0.0013577207 -0.011594891)    (1.0922251 -0.72629651 -0.054408506)          (0.0038735725 -0.0025710916 -0.00015184417)   (1.4865348e-07 -4.8153366e-06 -4.1122819e-05) (0.0038737211 -0.002575907 -0.00019296698)   

Moments - Moment Center (0.1315426 -1.2460601 0.16868178) Moment Axis (0.02245 -0.99937 0.02748)
                          Moments [N m]                                   Coefficients                                   
Zone                      Pressure        Viscous         Total           Pressure        Viscous         Total          
zuofuyi                   0.74782524      0.0010391789    0.74886442      0.0026522615    3.685586e-06    0.002655947    
------------------------- --------------- --------------- --------------- --------------- --------------- ---------------
Net                       0.74782524      0.0010391789    0.74886442      0.0026522615    3.685586e-06    0.002655947    
                                    "Force Report"

Moments - Moment Center (0.1315426 -1.2460601 0.16868178)
                          Moments [N m]                                                                                                                             Coefficients                                                                                                                             
Zone                      Pressure                                      Viscous                                       Total                                         Pressure                                      Viscous                                       Total                                        
zuofuyi                   (1.0921832 -0.72493879 -0.042813615)          (4.1913977e-05 -0.0013577207 -0.011594891)    (1.0922251 -0.72629651 -0.054408506)          (0.0038735725 -0.0025710916 -0.00015184417)   (1.4865348e-07 -4.8153366e-06 -4.1122819e-05) (0.0038737211 -0.002575907 -0.00019296698)   
------------------------- --------------------------------------------- --------------------------------------------- --------------------------------------------- --------------------------------------------- --------------------------------------------- ---------------------------------------------
Net                       (1.0921832 -0.72493879 -0.042813615)          (4.1913977e-05 -0.0013577207 -0.011594891)    (1.0922251 -0.72629651 -0.054408506)          (0.0038735725 -0.0025710916 -0.00015184417)   (1.4865348e-07 -4.8153366e-06 -4.1122819e-05) (0.0038737211 -0.002575907 -0.00019296698)   

Moments - Moment Center (0.1315426 -1.2460601 0.16868178) Moment Axis (0.02245 -0.99937 0.02748)
                          Moments [N m]                                   Coefficients                                   
Zone                      Pressure        Viscous         Total           Pressure        Viscous         Total          
zuofuyi                   0.74782524      0.0010391789    0.74886442      0.0026522615    3.685586e-06    0.002655947    
------------------------- --------------- --------------- --------------- --------------- --------------- ---------------
Net                       0.74782524      0.0010391789    0.74886442      0.0026522615    3.685586e-06    0.002655947    
