                                    "Force Report"

Moments - Moment Center (0.1315426 -1.2460601 0.16868178)
                          Moments [N m]                                                                                                                             Coefficients                                                                                                                             
Zone                      Pressure                                      Viscous                                       Total                                         Pressure                                      Viscous                                       Total                                        
zuofuyi                   (1.3399594 -0.8870807 -0.18310515)            (0.00067084587 -0.001475816 -0.010625338)     (1.3406302 -0.88855652 -0.19373049)           (0.0047523437 -0.0031461494 -0.00064940671)   (2.3792439e-06 -5.2341771e-06 -3.7684173e-05) (0.004754723 -0.0031513836 -0.00068709088)   
------------------------- --------------------------------------------- --------------------------------------------- --------------------------------------------- --------------------------------------------- --------------------------------------------- ---------------------------------------------
Net                       (1.3399594 -0.8870807 -0.18310515)            (0.00067084587 -0.001475816 -0.010625338)     (1.3406302 -0.88855652 -0.19373049)           (0.0047523437 -0.0031461494 -0.00064940671)   (2.3792439e-06 -5.2341771e-06 -3.7684173e-05) (0.004754723 -0.0031513836 -0.00068709088)   

Moments - Moment Center (0.1315426 -1.2460601 0.16868178) Moment Axis (0.02245 -0.99937 0.02748)
                          Moments [N m]                                   Coefficients                                   
Zone                      Pressure        Viscous         Total           Pressure        Viscous         Total          
zuofuyi                   0.9115724       0.0011979627    0.91277037      0.0032330125    4.2487335e-06   0.0032372612   
------------------------- --------------- --------------- --------------- --------------- --------------- ---------------
Net                       0.9115724       0.0011979627    0.91277037      0.0032330125    4.2487335e-06   0.0032372612   
                                    "Force Report"

Moments - Moment Center (0.1315426 -1.2460601 0.16868178)
                          Moments [N m]                                                                                                                             Coefficients                                                                                                                             
Zone                      Pressure                                      Viscous                                       Total                                         Pressure                                      Viscous                                       Total                                        
zuofuyi                   (1.3399594 -0.8870807 -0.18310515)            (0.00067084587 -0.001475816 -0.010625338)     (1.3406302 -0.88855652 -0.19373049)           (0.0047523437 -0.0031461494 -0.00064940671)   (2.3792439e-06 -5.2341771e-06 -3.7684173e-05) (0.004754723 -0.0031513836 -0.00068709088)   
------------------------- --------------------------------------------- --------------------------------------------- --------------------------------------------- --------------------------------------------- --------------------------------------------- ---------------------------------------------
Net                       (1.3399594 -0.8870807 -0.18310515)            (0.00067084587 -0.001475816 -0.010625338)     (1.3406302 -0.88855652 -0.19373049)           (0.0047523437 -0.0031461494 -0.00064940671)   (2.3792439e-06 -5.2341771e-06 -3.7684173e-05) (0.004754723 -0.0031513836 -0.00068709088)   

Moments - Moment Center (0.1315426 -1.2460601 0.16868178) Moment Axis (0.02245 -0.99937 0.02748)
                          Moments [N m]                                   Coefficients                                   
Zone                      Pressure        Viscous         Total           Pressure        Viscous         Total          
zuofuyi                   0.9115724       0.0011979627    0.91277037      0.0032330125    4.2487335e-06   0.0032372612   
------------------------- --------------- --------------- --------------- --------------- --------------- ---------------
Net                       0.9115724       0.0011979627    0.91277037      0.0032330125    4.2487335e-06   0.0032372612   
