                                    "Force Report"

Moments - Moment Center (0.1315426 -1.2460601 0.16868178)
                          Moments [N m]                                                                                                                             Coefficients                                                                                                                             
Zone                      Pressure                                      Viscous                                       Total                                         Pressure                                      Viscous                                       Total                                        
zuofuyi                   (1.0139955 -0.64607899 -0.040564606)          (-0.00053165805 -0.001238177 -0.012647759)    (1.0134638 -0.64731717 -0.053212365)          (0.0035962696 -0.0022914049 -0.00014386776)   (-1.8855958e-06 -4.3913591e-06 -4.4856956e-05) (0.003594384 -0.0022957962 -0.00018872471)   
------------------------- --------------------------------------------- --------------------------------------------- --------------------------------------------- --------------------------------------------- --------------------------------------------- ---------------------------------------------
Net                       (1.0139955 -0.64607899 -0.040564606)          (-0.00053165805 -0.001238177 -0.012647759)    (1.0134638 -0.64731717 -0.053212365)          (0.0035962696 -0.0022914049 -0.00014386776)   (-1.8855958e-06 -4.3913591e-06 -4.4856956e-05) (0.003594384 -0.0022957962 -0.00018872471)   

Moments - Moment Center (0.1315426 -1.2460601 0.16868178) Moment Axis (0.02245 -0.99937 0.02748)
                          Moments [N m]                                   Coefficients                                   
Zone                      Pressure        Viscous         Total           Pressure        Viscous         Total          
zuofuyi                   0.6673216       0.00087790101   0.6681995       0.0023667446    3.1135924e-06   0.0023698582   
------------------------- --------------- --------------- --------------- --------------- --------------- ---------------
Net                       0.6673216       0.00087790101   0.6681995       0.0023667446    3.1135924e-06   0.0023698582   
                                    "Force Report"

Moments - Moment Center (0.1315426 -1.2460601 0.16868178)
                          Moments [N m]                                                                                                                             Coefficients                                                                                                                             
Zone                      Pressure                                      Viscous                                       Total                                         Pressure                                      Viscous                                       Total                                        
zuofuyi                   (1.0139955 -0.64607899 -0.040564606)          (-0.00053165805 -0.001238177 -0.012647759)    (1.0134638 -0.64731717 -0.053212365)          (0.0035962696 -0.0022914049 -0.00014386776)   (-1.8855958e-06 -4.3913591e-06 -4.4856956e-05) (0.003594384 -0.0022957962 -0.00018872471)   
------------------------- --------------------------------------------- --------------------------------------------- --------------------------------------------- --------------------------------------------- --------------------------------------------- ---------------------------------------------
Net                       (1.0139955 -0.64607899 -0.040564606)          (-0.00053165805 -0.001238177 -0.012647759)    (1.0134638 -0.64731717 -0.053212365)          (0.0035962696 -0.0022914049 -0.00014386776)   (-1.8855958e-06 -4.3913591e-06 -4.4856956e-05) (0.003594384 -0.0022957962 -0.00018872471)   

Moments - Moment Center (0.1315426 -1.2460601 0.16868178) Moment Axis (0.02245 -0.99937 0.02748)
                          Moments [N m]                                   Coefficients                                   
Zone                      Pressure        Viscous         Total           Pressure        Viscous         Total          
zuofuyi                   0.6673216       0.00087790101   0.6681995       0.0023667446    3.1135924e-06   0.0023698582   
------------------------- --------------- --------------- --------------- --------------- --------------- ---------------
Net                       0.6673216       0.00087790101   0.6681995       0.0023667446    3.1135924e-06   0.0023698582   
