                                    "Force Report"

Moments - Moment Center (1.3426988 0.38447457 0.32756166)
                          Moments [N m]                                                                                                                             Coefficients                                                                                                                             
Zone                      Pressure                                      Viscous                                       Total                                         Pressure                                      Viscous                                       Total                                        
youweiduo                 (-0.097527837 -0.10243428 0.063211606)        (-0.000661047 -0.00086320004 7.4718797e-05)   (-0.098188884 -0.10329748 0.063286325)        (-0.00034589542 -0.00036329675 0.00022418835) (-2.3444909e-06 -3.0614535e-06 2.6500013e-07) (-0.00034823991 -0.00036635821 0.00022445335)
------------------------- --------------------------------------------- --------------------------------------------- --------------------------------------------- --------------------------------------------- --------------------------------------------- ---------------------------------------------
Net                       (-0.097527837 -0.10243428 0.063211606)        (-0.000661047 -0.00086320004 7.4718797e-05)   (-0.098188884 -0.10329748 0.063286325)        (-0.00034589542 -0.00036329675 0.00022418835) (-2.3444909e-06 -3.0614535e-06 2.6500013e-07) (-0.00034823991 -0.00036635821 0.00022445335)

Moments - Moment Center (1.3426988 0.38447457 0.32756166) Moment Axis (-0.01745 0.86603 -0.4997)
                          Moments [N m]                                   Coefficients                                   
Zone                      Pressure        Viscous         Total           Pressure        Viscous         Total          
youweiduo                 -0.11859539     -0.00077335399  -0.11936874     -0.00042061429  -2.7428025e-06  -0.00042335709 
------------------------- --------------- --------------- --------------- --------------- --------------- ---------------
Net                       -0.11859539     -0.00077335399  -0.11936874     -0.00042061429  -2.7428025e-06  -0.00042335709 
                                    "Force Report"

Moments - Moment Center (1.3426988 0.38447457 0.32756166)
                          Moments [N m]                                                                                                                             Coefficients                                                                                                                             
Zone                      Pressure                                      Viscous                                       Total                                         Pressure                                      Viscous                                       Total                                        
youweiduo                 (-0.097527837 -0.10243428 0.063211606)        (-0.000661047 -0.00086320004 7.4718797e-05)   (-0.098188884 -0.10329748 0.063286325)        (-0.00034589542 -0.00036329675 0.00022418835) (-2.3444909e-06 -3.0614535e-06 2.6500013e-07) (-0.00034823991 -0.00036635821 0.00022445335)
------------------------- --------------------------------------------- --------------------------------------------- --------------------------------------------- --------------------------------------------- --------------------------------------------- ---------------------------------------------
Net                       (-0.097527837 -0.10243428 0.063211606)        (-0.000661047 -0.00086320004 7.4718797e-05)   (-0.098188884 -0.10329748 0.063286325)        (-0.00034589542 -0.00036329675 0.00022418835) (-2.3444909e-06 -3.0614535e-06 2.6500013e-07) (-0.00034823991 -0.00036635821 0.00022445335)

Moments - Moment Center (1.3426988 0.38447457 0.32756166) Moment Axis (-0.01745 0.86603 -0.4997)
                          Moments [N m]                                   Coefficients                                   
Zone                      Pressure        Viscous         Total           Pressure        Viscous         Total          
youweiduo                 -0.11859539     -0.00077335399  -0.11936874     -0.00042061429  -2.7428025e-06  -0.00042335709 
------------------------- --------------- --------------- --------------- --------------- --------------- ---------------
Net                       -0.11859539     -0.00077335399  -0.11936874     -0.00042061429  -2.7428025e-06  -0.00042335709 
