                                    "Force Report"

Moments - Moment Center (1.3426988 0.38447457 0.32756166)
                          Moments [N m]                                                                                                                             Coefficients                                                                                                                             
Zone                      Pressure                                      Viscous                                       Total                                         Pressure                                      Viscous                                       Total                                        
youweiduo                 (-0.14912642 -0.15428299 0.10817564)          (-0.0010060215 -0.0017227061 -0.0011680301)   (-0.15013244 -0.1560057 0.10700761)           (-0.00052889664 -0.00054718511 0.00038365927) (-3.5679888e-06 -6.1098057e-06 -4.1425739e-06) (-0.00053246463 -0.00055329492 0.00037951669)
------------------------- --------------------------------------------- --------------------------------------------- --------------------------------------------- --------------------------------------------- --------------------------------------------- ---------------------------------------------
Net                       (-0.14912642 -0.15428299 0.10817564)          (-0.0010060215 -0.0017227061 -0.0011680301)   (-0.15013244 -0.1560057 0.10700761)           (-0.00052889664 -0.00054718511 0.00038365927) (-3.5679888e-06 -6.1098057e-06 -4.1425739e-06) (-0.00053246463 -0.00055329492 0.00037951669)

Moments - Moment Center (1.3426988 0.38447457 0.32756166) Moment Axis (-0.01745 0.86603 -0.4997)
                          Moments [N m]                                   Coefficients                                   
Zone                      Pressure        Viscous         Total           Pressure        Viscous         Total          
youweiduo                 -0.18506565     -0.00089068982  -0.18595634     -0.00065635989  -3.1589496e-06  -0.00065951884 
------------------------- --------------- --------------- --------------- --------------- --------------- ---------------
Net                       -0.18506565     -0.00089068982  -0.18595634     -0.00065635989  -3.1589496e-06  -0.00065951884 
                                    "Force Report"

Moments - Moment Center (1.3426988 0.38447457 0.32756166)
                          Moments [N m]                                                                                                                             Coefficients                                                                                                                             
Zone                      Pressure                                      Viscous                                       Total                                         Pressure                                      Viscous                                       Total                                        
youweiduo                 (-0.14912642 -0.15428299 0.10817564)          (-0.0010060215 -0.0017227061 -0.0011680301)   (-0.15013244 -0.1560057 0.10700761)           (-0.00052889664 -0.00054718511 0.00038365927) (-3.5679888e-06 -6.1098057e-06 -4.1425739e-06) (-0.00053246463 -0.00055329492 0.00037951669)
------------------------- --------------------------------------------- --------------------------------------------- --------------------------------------------- --------------------------------------------- --------------------------------------------- ---------------------------------------------
Net                       (-0.14912642 -0.15428299 0.10817564)          (-0.0010060215 -0.0017227061 -0.0011680301)   (-0.15013244 -0.1560057 0.10700761)           (-0.00052889664 -0.00054718511 0.00038365927) (-3.5679888e-06 -6.1098057e-06 -4.1425739e-06) (-0.00053246463 -0.00055329492 0.00037951669)

Moments - Moment Center (1.3426988 0.38447457 0.32756166) Moment Axis (-0.01745 0.86603 -0.4997)
                          Moments [N m]                                   Coefficients                                   
Zone                      Pressure        Viscous         Total           Pressure        Viscous         Total          
youweiduo                 -0.18506565     -0.00089068982  -0.18595634     -0.00065635989  -3.1589496e-06  -0.00065951884 
------------------------- --------------- --------------- --------------- --------------- --------------- ---------------
Net                       -0.18506565     -0.00089068982  -0.18595634     -0.00065635989  -3.1589496e-06  -0.00065951884 
