                                    "Force Report"

Moments - Moment Center (1.3426988 0.38447457 0.32756166)
                          Moments [N m]                                                                                                                             Coefficients                                                                                                                             
Zone                      Pressure                                      Viscous                                       Total                                         Pressure                                      Viscous                                       Total                                        
youweiduo                 (-0.12539449 -0.080632015 0.023491961)        (-0.00026887896 0.00035412969 0.0017671308)   (-0.12566337 -0.080277885 0.025259091)        (-0.0004447282 -0.00028597214 8.3317355e-05)  (-9.5361493e-07 1.2559679e-06 6.2673639e-06)  (-0.00044568182 -0.00028471617 8.9584719e-05)
------------------------- --------------------------------------------- --------------------------------------------- --------------------------------------------- --------------------------------------------- --------------------------------------------- ---------------------------------------------
Net                       (-0.12539449 -0.080632015 0.023491961)        (-0.00026887896 0.00035412969 0.0017671308)   (-0.12566337 -0.080277885 0.025259091)        (-0.0004447282 -0.00028597214 8.3317355e-05)  (-9.5361493e-07 1.2559679e-06 6.2673639e-06)  (-0.00044568182 -0.00028471617 8.9584719e-05)

Moments - Moment Center (1.3426988 0.38447457 0.32756166) Moment Axis (-0.01745 0.86603 -0.4997)
                          Moments [N m]                                   Coefficients                                   
Zone                      Pressure        Viscous         Total           Pressure        Viscous         Total          
youweiduo                 -0.079380045    -0.00057165281  -0.079951697    -0.00028153186  -2.0274425e-06  -0.0002835593  
------------------------- --------------- --------------- --------------- --------------- --------------- ---------------
Net                       -0.079380045    -0.00057165281  -0.079951697    -0.00028153186  -2.0274425e-06  -0.0002835593  
                                    "Force Report"

Moments - Moment Center (1.3426988 0.38447457 0.32756166)
                          Moments [N m]                                                                                                                             Coefficients                                                                                                                             
Zone                      Pressure                                      Viscous                                       Total                                         Pressure                                      Viscous                                       Total                                        
youweiduo                 (-0.12539449 -0.080632015 0.023491961)        (-0.00026887896 0.00035412969 0.0017671308)   (-0.12566337 -0.080277885 0.025259091)        (-0.0004447282 -0.00028597214 8.3317355e-05)  (-9.5361493e-07 1.2559679e-06 6.2673639e-06)  (-0.00044568182 -0.00028471617 8.9584719e-05)
------------------------- --------------------------------------------- --------------------------------------------- --------------------------------------------- --------------------------------------------- --------------------------------------------- ---------------------------------------------
Net                       (-0.12539449 -0.080632015 0.023491961)        (-0.00026887896 0.00035412969 0.0017671308)   (-0.12566337 -0.080277885 0.025259091)        (-0.0004447282 -0.00028597214 8.3317355e-05)  (-9.5361493e-07 1.2559679e-06 6.2673639e-06)  (-0.00044568182 -0.00028471617 8.9584719e-05)

Moments - Moment Center (1.3426988 0.38447457 0.32756166) Moment Axis (-0.01745 0.86603 -0.4997)
                          Moments [N m]                                   Coefficients                                   
Zone                      Pressure        Viscous         Total           Pressure        Viscous         Total          
youweiduo                 -0.079380045    -0.00057165281  -0.079951697    -0.00028153186  -2.0274425e-06  -0.0002835593  
------------------------- --------------- --------------- --------------- --------------- --------------- ---------------
Net                       -0.079380045    -0.00057165281  -0.079951697    -0.00028153186  -2.0274425e-06  -0.0002835593  
