                                    "Force Report"

Moments - Moment Center (1.3426988 0.38447457 0.32756166)
                          Moments [N m]                                                                                                                             Coefficients                                                                                                                             
Zone                      Pressure                                      Viscous                                       Total                                         Pressure                                      Viscous                                       Total                                        
youweiduo                 (-0.16976652 -0.097372872 0.030030562)        (-0.00044113592 0.00031903625 0.0019069336)   (-0.17020766 -0.097053836 0.031937495)        (-0.00060209949 -0.00034534581 0.00010650737) (-1.5645471e-06 1.1315044e-06 6.763193e-06)   (-0.00060366404 -0.00034421431 0.00011327056)
------------------------- --------------------------------------------- --------------------------------------------- --------------------------------------------- --------------------------------------------- --------------------------------------------- ---------------------------------------------
Net                       (-0.16976652 -0.097372872 0.030030562)        (-0.00044113592 0.00031903625 0.0019069336)   (-0.17020766 -0.097053836 0.031937495)        (-0.00060209949 -0.00034534581 0.00010650737) (-1.5645471e-06 1.1315044e-06 6.763193e-06)   (-0.00060366404 -0.00034421431 0.00011327056)

Moments - Moment Center (1.3426988 0.38447457 0.32756166) Moment Axis (-0.01745 0.86603 -0.4997)
                          Moments [N m]                                   Coefficients                                   
Zone                      Pressure        Viscous         Total           Pressure        Viscous         Total          
youweiduo                 -0.09637107     -0.00066889773  -0.097039967    -0.00034179279  -2.3723346e-06  -0.00034416512 
------------------------- --------------- --------------- --------------- --------------- --------------- ---------------
Net                       -0.09637107     -0.00066889773  -0.097039967    -0.00034179279  -2.3723346e-06  -0.00034416512 
                                    "Force Report"

Moments - Moment Center (1.3426988 0.38447457 0.32756166)
                          Moments [N m]                                                                                                                             Coefficients                                                                                                                             
Zone                      Pressure                                      Viscous                                       Total                                         Pressure                                      Viscous                                       Total                                        
youweiduo                 (-0.16976652 -0.097372872 0.030030562)        (-0.00044113592 0.00031903625 0.0019069336)   (-0.17020766 -0.097053836 0.031937495)        (-0.00060209949 -0.00034534581 0.00010650737) (-1.5645471e-06 1.1315044e-06 6.763193e-06)   (-0.00060366404 -0.00034421431 0.00011327056)
------------------------- --------------------------------------------- --------------------------------------------- --------------------------------------------- --------------------------------------------- --------------------------------------------- ---------------------------------------------
Net                       (-0.16976652 -0.097372872 0.030030562)        (-0.00044113592 0.00031903625 0.0019069336)   (-0.17020766 -0.097053836 0.031937495)        (-0.00060209949 -0.00034534581 0.00010650737) (-1.5645471e-06 1.1315044e-06 6.763193e-06)   (-0.00060366404 -0.00034421431 0.00011327056)

Moments - Moment Center (1.3426988 0.38447457 0.32756166) Moment Axis (-0.01745 0.86603 -0.4997)
                          Moments [N m]                                   Coefficients                                   
Zone                      Pressure        Viscous         Total           Pressure        Viscous         Total          
youweiduo                 -0.09637107     -0.00066889773  -0.097039967    -0.00034179279  -2.3723346e-06  -0.00034416512 
------------------------- --------------- --------------- --------------- --------------- --------------- ---------------
Net                       -0.09637107     -0.00066889773  -0.097039967    -0.00034179279  -2.3723346e-06  -0.00034416512 
