                                    "Force Report"

Moments - Moment Center (1.3426988 0.38447457 0.32756166)
                          Moments [N m]                                                                                                                             Coefficients                                                                                                                             
Zone                      Pressure                                      Viscous                                       Total                                         Pressure                                      Viscous                                       Total                                        
youweiduo                 (-0.094931774 -0.074934782 0.019490453)       (-0.00011464801 0.00045742177 0.0018498847)   (-0.095046422 -0.07447736 0.021340338)        (-0.00033668813 -0.00026576615 6.9125478e-05) (-4.066144e-07 1.622307e-06 6.5608616e-06)    (-0.00033709475 -0.00026414384 7.5686339e-05)
------------------------- --------------------------------------------- --------------------------------------------- --------------------------------------------- --------------------------------------------- --------------------------------------------- ---------------------------------------------
Net                       (-0.094931774 -0.074934782 0.019490453)       (-0.00011464801 0.00045742177 0.0018498847)   (-0.095046422 -0.07447736 0.021340338)        (-0.00033668813 -0.00026576615 6.9125478e-05) (-4.066144e-07 1.622307e-06 6.5608616e-06)    (-0.00033709475 -0.00026414384 7.5686339e-05)

Moments - Moment Center (1.3426988 0.38447457 0.32756166) Moment Axis (-0.01745 0.86603 -0.4997)
                          Moments [N m]                                   Coefficients                                   
Zone                      Pressure        Viscous         Total           Pressure        Viscous         Total          
youweiduo                 -0.072978131    -0.0005262425   -0.073504374    -0.00025882663  -1.8663889e-06  -0.00026069302 
------------------------- --------------- --------------- --------------- --------------- --------------- ---------------
Net                       -0.072978131    -0.0005262425   -0.073504374    -0.00025882663  -1.8663889e-06  -0.00026069302 
                                    "Force Report"

Moments - Moment Center (1.3426988 0.38447457 0.32756166)
                          Moments [N m]                                                                                                                             Coefficients                                                                                                                             
Zone                      Pressure                                      Viscous                                       Total                                         Pressure                                      Viscous                                       Total                                        
youweiduo                 (-0.094931774 -0.074934782 0.019490453)       (-0.00011464801 0.00045742177 0.0018498847)   (-0.095046422 -0.07447736 0.021340338)        (-0.00033668813 -0.00026576615 6.9125478e-05) (-4.066144e-07 1.622307e-06 6.5608616e-06)    (-0.00033709475 -0.00026414384 7.5686339e-05)
------------------------- --------------------------------------------- --------------------------------------------- --------------------------------------------- --------------------------------------------- --------------------------------------------- ---------------------------------------------
Net                       (-0.094931774 -0.074934782 0.019490453)       (-0.00011464801 0.00045742177 0.0018498847)   (-0.095046422 -0.07447736 0.021340338)        (-0.00033668813 -0.00026576615 6.9125478e-05) (-4.066144e-07 1.622307e-06 6.5608616e-06)    (-0.00033709475 -0.00026414384 7.5686339e-05)

Moments - Moment Center (1.3426988 0.38447457 0.32756166) Moment Axis (-0.01745 0.86603 -0.4997)
                          Moments [N m]                                   Coefficients                                   
Zone                      Pressure        Viscous         Total           Pressure        Viscous         Total          
youweiduo                 -0.072978131    -0.0005262425   -0.073504374    -0.00025882663  -1.8663889e-06  -0.00026069302 
------------------------- --------------- --------------- --------------- --------------- --------------- ---------------
Net                       -0.072978131    -0.0005262425   -0.073504374    -0.00025882663  -1.8663889e-06  -0.00026069302 
