                                    "Force Report"

Moments - Moment Center (1.3426988 0.38447457 0.32756166)
                          Moments [N m]                                                                                                                             Coefficients                                                                                                                             
Zone                      Pressure                                      Viscous                                       Total                                         Pressure                                      Viscous                                       Total                                        
youweiduo                 (-0.1557364 -0.089194392 0.025132072)         (-0.00033231252 0.00045328409 0.0020499819)   (-0.15606871 -0.088741108 0.027182054)        (-0.0005523398 -0.00031633975 8.9134228e-05)  (-1.1785905e-06 1.6076322e-06 7.2705329e-06)  (-0.00055351839 -0.00031473212 9.6404761e-05)
------------------------- --------------------------------------------- --------------------------------------------- --------------------------------------------- --------------------------------------------- --------------------------------------------- ---------------------------------------------
Net                       (-0.1557364 -0.089194392 0.025132072)         (-0.00033231252 0.00045328409 0.0020499819)   (-0.15606871 -0.088741108 0.027182054)        (-0.0005523398 -0.00031633975 8.9134228e-05)  (-1.1785905e-06 1.6076322e-06 7.2705329e-06)  (-0.00055351839 -0.00031473212 9.6404761e-05)

Moments - Moment Center (1.3426988 0.38447457 0.32756166) Moment Axis (-0.01745 0.86603 -0.4997)
                          Moments [N m]                                   Coefficients                                   
Zone                      Pressure        Viscous         Total           Pressure        Viscous         Total          
youweiduo                 -0.087085369    -0.00062601556  -0.087711385    -0.00030885982  -2.2202473e-06  -0.00031108007 
------------------------- --------------- --------------- --------------- --------------- --------------- ---------------
Net                       -0.087085369    -0.00062601556  -0.087711385    -0.00030885982  -2.2202473e-06  -0.00031108007 
                                    "Force Report"

Moments - Moment Center (1.3426988 0.38447457 0.32756166)
                          Moments [N m]                                                                                                                             Coefficients                                                                                                                             
Zone                      Pressure                                      Viscous                                       Total                                         Pressure                                      Viscous                                       Total                                        
youweiduo                 (-0.1557364 -0.089194392 0.025132072)         (-0.00033231252 0.00045328409 0.0020499819)   (-0.15606871 -0.088741108 0.027182054)        (-0.0005523398 -0.00031633975 8.9134228e-05)  (-1.1785905e-06 1.6076322e-06 7.2705329e-06)  (-0.00055351839 -0.00031473212 9.6404761e-05)
------------------------- --------------------------------------------- --------------------------------------------- --------------------------------------------- --------------------------------------------- --------------------------------------------- ---------------------------------------------
Net                       (-0.1557364 -0.089194392 0.025132072)         (-0.00033231252 0.00045328409 0.0020499819)   (-0.15606871 -0.088741108 0.027182054)        (-0.0005523398 -0.00031633975 8.9134228e-05)  (-1.1785905e-06 1.6076322e-06 7.2705329e-06)  (-0.00055351839 -0.00031473212 9.6404761e-05)

Moments - Moment Center (1.3426988 0.38447457 0.32756166) Moment Axis (-0.01745 0.86603 -0.4997)
                          Moments [N m]                                   Coefficients                                   
Zone                      Pressure        Viscous         Total           Pressure        Viscous         Total          
youweiduo                 -0.087085369    -0.00062601556  -0.087711385    -0.00030885982  -2.2202473e-06  -0.00031108007 
------------------------- --------------- --------------- --------------- --------------- --------------- ---------------
Net                       -0.087085369    -0.00062601556  -0.087711385    -0.00030885982  -2.2202473e-06  -0.00031108007 
