                                    "Force Report"

Moments - Moment Center (1.3426988 0.38447457 0.32756166)
                          Moments [N m]                                                                                                                             Coefficients                                                                                                                             
Zone                      Pressure                                      Viscous                                       Total                                         Pressure                                      Viscous                                       Total                                        
youweiduo                 (-0.038161514 -0.06355809 0.012071108)        (0.00017259962 0.00067040468 0.002025577)     (-0.037988915 -0.062887685 0.014096685)       (-0.00013534487 -0.0002254172 4.2811785e-05)  (6.1214745e-07 2.3776791e-06 7.1839776e-06)   (-0.00013473273 -0.00022303952 4.9995762e-05)
------------------------- --------------------------------------------- --------------------------------------------- --------------------------------------------- --------------------------------------------- --------------------------------------------- ---------------------------------------------
Net                       (-0.038161514 -0.06355809 0.012071108)        (0.00017259962 0.00067040468 0.002025577)     (-0.037988915 -0.062887685 0.014096685)       (-0.00013534487 -0.0002254172 4.2811785e-05)  (6.1214745e-07 2.3776791e-06 7.1839776e-06)   (-0.00013473273 -0.00022303952 4.9995762e-05)

Moments - Moment Center (1.3426988 0.38447457 0.32756166) Moment Axis (-0.01745 0.86603 -0.4997)
                          Moments [N m]                                   Coefficients                                   
Zone                      Pressure        Viscous         Total           Pressure        Viscous         Total          
youweiduo                 -0.060408848    -0.0004345994   -0.060843447    -0.00021424799  -1.5413645e-06  -0.00021578936 
------------------------- --------------- --------------- --------------- --------------- --------------- ---------------
Net                       -0.060408848    -0.0004345994   -0.060843447    -0.00021424799  -1.5413645e-06  -0.00021578936 
                                    "Force Report"

Moments - Moment Center (1.3426988 0.38447457 0.32756166)
                          Moments [N m]                                                                                                                             Coefficients                                                                                                                             
Zone                      Pressure                                      Viscous                                       Total                                         Pressure                                      Viscous                                       Total                                        
youweiduo                 (-0.038161514 -0.06355809 0.012071108)        (0.00017259962 0.00067040468 0.002025577)     (-0.037988915 -0.062887685 0.014096685)       (-0.00013534487 -0.0002254172 4.2811785e-05)  (6.1214745e-07 2.3776791e-06 7.1839776e-06)   (-0.00013473273 -0.00022303952 4.9995762e-05)
------------------------- --------------------------------------------- --------------------------------------------- --------------------------------------------- --------------------------------------------- --------------------------------------------- ---------------------------------------------
Net                       (-0.038161514 -0.06355809 0.012071108)        (0.00017259962 0.00067040468 0.002025577)     (-0.037988915 -0.062887685 0.014096685)       (-0.00013534487 -0.0002254172 4.2811785e-05)  (6.1214745e-07 2.3776791e-06 7.1839776e-06)   (-0.00013473273 -0.00022303952 4.9995762e-05)

Moments - Moment Center (1.3426988 0.38447457 0.32756166) Moment Axis (-0.01745 0.86603 -0.4997)
                          Moments [N m]                                   Coefficients                                   
Zone                      Pressure        Viscous         Total           Pressure        Viscous         Total          
youweiduo                 -0.060408848    -0.0004345994   -0.060843447    -0.00021424799  -1.5413645e-06  -0.00021578936 
------------------------- --------------- --------------- --------------- --------------- --------------- ---------------
Net                       -0.060408848    -0.0004345994   -0.060843447    -0.00021424799  -1.5413645e-06  -0.00021578936 
