                                    "Force Report"

Moments - Moment Center (1.3426988 0.38447457 0.32756166)
                          Moments [N m]                                                                                                                             Coefficients                                                                                                                             
Zone                      Pressure                                      Viscous                                       Total                                         Pressure                                      Viscous                                       Total                                        
youweiduo                 (-0.14593556 -0.10175037 0.042455205)         (-0.00057688712 -0.00010451641 0.0012581037)  (-0.14651244 -0.10185489 0.043713309)         (-0.00051757982 -0.0003608712 0.00015057302)  (-2.0460067e-06 -3.7068131e-07 4.4620318e-06) (-0.00051962583 -0.00036124188 0.00015503505)
------------------------- --------------------------------------------- --------------------------------------------- --------------------------------------------- --------------------------------------------- --------------------------------------------- ---------------------------------------------
Net                       (-0.14593556 -0.10175037 0.042455205)         (-0.00057688712 -0.00010451641 0.0012581037)  (-0.14651244 -0.10185489 0.043713309)         (-0.00051757982 -0.0003608712 0.00015057302)  (-2.0460067e-06 -3.7068131e-07 4.4620318e-06) (-0.00051962583 -0.00036124188 0.00015503505)

Moments - Moment Center (1.3426988 0.38447457 0.32756166) Moment Axis (-0.01745 0.86603 -0.4997)
                          Moments [N m]                                   Coefficients                                   
Zone                      Pressure        Viscous         Total           Pressure        Viscous         Total          
youweiduo                 -0.1067865      -0.00070911764  -0.10749561     -0.00037873248  -2.5149798e-06  -0.00038124746 
------------------------- --------------- --------------- --------------- --------------- --------------- ---------------
Net                       -0.1067865      -0.00070911764  -0.10749561     -0.00037873248  -2.5149798e-06  -0.00038124746 
                                    "Force Report"

Moments - Moment Center (1.3426988 0.38447457 0.32756166)
                          Moments [N m]                                                                                                                             Coefficients                                                                                                                             
Zone                      Pressure                                      Viscous                                       Total                                         Pressure                                      Viscous                                       Total                                        
youweiduo                 (-0.14593556 -0.10175037 0.042455205)         (-0.00057688712 -0.00010451641 0.0012581037)  (-0.14651244 -0.10185489 0.043713309)         (-0.00051757982 -0.0003608712 0.00015057302)  (-2.0460067e-06 -3.7068131e-07 4.4620318e-06) (-0.00051962583 -0.00036124188 0.00015503505)
------------------------- --------------------------------------------- --------------------------------------------- --------------------------------------------- --------------------------------------------- --------------------------------------------- ---------------------------------------------
Net                       (-0.14593556 -0.10175037 0.042455205)         (-0.00057688712 -0.00010451641 0.0012581037)  (-0.14651244 -0.10185489 0.043713309)         (-0.00051757982 -0.0003608712 0.00015057302)  (-2.0460067e-06 -3.7068131e-07 4.4620318e-06) (-0.00051962583 -0.00036124188 0.00015503505)

Moments - Moment Center (1.3426988 0.38447457 0.32756166) Moment Axis (-0.01745 0.86603 -0.4997)
                          Moments [N m]                                   Coefficients                                   
Zone                      Pressure        Viscous         Total           Pressure        Viscous         Total          
youweiduo                 -0.1067865      -0.00070911764  -0.10749561     -0.00037873248  -2.5149798e-06  -0.00038124746 
------------------------- --------------- --------------- --------------- --------------- --------------- ---------------
Net                       -0.1067865      -0.00070911764  -0.10749561     -0.00037873248  -2.5149798e-06  -0.00038124746 
