                                    "Force Report"

Moments - Moment Center (1.3426988 0.38447457 0.32756166)
                          Moments [N m]                                                                                                                             Coefficients                                                                                                                             
Zone                      Pressure                                      Viscous                                       Total                                         Pressure                                      Viscous                                       Total                                        
youweiduo                 (-0.062979449 -0.068519847 0.015950005)       (-1.2588235e-06 0.000411748 0.001680846)      (-0.062980708 -0.068108099 0.017630851)       (-0.00022336497 -0.00024301473 5.6568811e-05) (-4.4645847e-09 1.4603189e-06 5.9613433e-06)  (-0.00022336944 -0.00024155441 6.2530154e-05)
------------------------- --------------------------------------------- --------------------------------------------- --------------------------------------------- --------------------------------------------- --------------------------------------------- ---------------------------------------------
Net                       (-0.062979449 -0.068519847 0.015950005)       (-1.2588235e-06 0.000411748 0.001680846)      (-0.062980708 -0.068108099 0.017630851)       (-0.00022336497 -0.00024301473 5.6568811e-05) (-4.4645847e-09 1.4603189e-06 5.9613433e-06)  (-0.00022336944 -0.00024155441 6.2530154e-05)

Moments - Moment Center (1.3426988 0.38447457 0.32756166) Moment Axis (-0.01745 0.86603 -0.4997)
                          Moments [N m]                                   Coefficients                                   
Zone                      Pressure        Viscous         Total           Pressure        Viscous         Total          
youweiduo                 -0.066211054    -0.00048330761  -0.066694361    -0.00023482629  -1.7141146e-06  -0.0002365404  
------------------------- --------------- --------------- --------------- --------------- --------------- ---------------
Net                       -0.066211054    -0.00048330761  -0.066694361    -0.00023482629  -1.7141146e-06  -0.0002365404  
                                    "Force Report"

Moments - Moment Center (1.3426988 0.38447457 0.32756166)
                          Moments [N m]                                                                                                                             Coefficients                                                                                                                             
Zone                      Pressure                                      Viscous                                       Total                                         Pressure                                      Viscous                                       Total                                        
youweiduo                 (-0.062979449 -0.068519847 0.015950005)       (-1.2588235e-06 0.000411748 0.001680846)      (-0.062980708 -0.068108099 0.017630851)       (-0.00022336497 -0.00024301473 5.6568811e-05) (-4.4645847e-09 1.4603189e-06 5.9613433e-06)  (-0.00022336944 -0.00024155441 6.2530154e-05)
------------------------- --------------------------------------------- --------------------------------------------- --------------------------------------------- --------------------------------------------- --------------------------------------------- ---------------------------------------------
Net                       (-0.062979449 -0.068519847 0.015950005)       (-1.2588235e-06 0.000411748 0.001680846)      (-0.062980708 -0.068108099 0.017630851)       (-0.00022336497 -0.00024301473 5.6568811e-05) (-4.4645847e-09 1.4603189e-06 5.9613433e-06)  (-0.00022336944 -0.00024155441 6.2530154e-05)

Moments - Moment Center (1.3426988 0.38447457 0.32756166) Moment Axis (-0.01745 0.86603 -0.4997)
                          Moments [N m]                                   Coefficients                                   
Zone                      Pressure        Viscous         Total           Pressure        Viscous         Total          
youweiduo                 -0.066211054    -0.00048330761  -0.066694361    -0.00023482629  -1.7141146e-06  -0.0002365404  
------------------------- --------------- --------------- --------------- --------------- --------------- ---------------
Net                       -0.066211054    -0.00048330761  -0.066694361    -0.00023482629  -1.7141146e-06  -0.0002365404  
