                                    "Force Report"

Moments - Moment Center (1.3426988 0.38447457 0.32756166)
                          Moments [N m]                                                                                                                             Coefficients                                                                                                                             
Zone                      Pressure                                      Viscous                                       Total                                         Pressure                                      Viscous                                       Total                                        
youweiduo                 (-0.0083492683 -0.057453007 0.007555247)      (0.00033991618 0.00079693003 0.0021478442)    (-0.0080093521 -0.056656077 0.0097030912)     (-2.9611788e-05 -0.00020376471 2.6795686e-05) (1.2055579e-06 2.8264181e-06 7.6176145e-06)   (-2.840623e-05 -0.00020093829 3.4413301e-05) 
------------------------- --------------------------------------------- --------------------------------------------- --------------------------------------------- --------------------------------------------- --------------------------------------------- ---------------------------------------------
Net                       (-0.0083492683 -0.057453007 0.007555247)      (0.00033991618 0.00079693003 0.0021478442)    (-0.0080093521 -0.056656077 0.0097030912)     (-2.9611788e-05 -0.00020376471 2.6795686e-05) (1.2055579e-06 2.8264181e-06 7.6176145e-06)   (-2.840623e-05 -0.00020093829 3.4413301e-05) 

Moments - Moment Center (1.3426988 0.38447457 0.32756166) Moment Axis (-0.01745 0.86603 -0.4997)
                          Moments [N m]                                   Coefficients                                   
Zone                      Pressure        Viscous         Total           Pressure        Viscous         Total          
youweiduo                 -0.053385355    -0.00038904153  -0.053774396    -0.00018933824  -1.3797874e-06  -0.00019071803 
------------------------- --------------- --------------- --------------- --------------- --------------- ---------------
Net                       -0.053385355    -0.00038904153  -0.053774396    -0.00018933824  -1.3797874e-06  -0.00019071803 
                                    "Force Report"

Moments - Moment Center (1.3426988 0.38447457 0.32756166)
                          Moments [N m]                                                                                                                             Coefficients                                                                                                                             
Zone                      Pressure                                      Viscous                                       Total                                         Pressure                                      Viscous                                       Total                                        
youweiduo                 (-0.0083492683 -0.057453007 0.007555247)      (0.00033991618 0.00079693003 0.0021478442)    (-0.0080093521 -0.056656077 0.0097030912)     (-2.9611788e-05 -0.00020376471 2.6795686e-05) (1.2055579e-06 2.8264181e-06 7.6176145e-06)   (-2.840623e-05 -0.00020093829 3.4413301e-05) 
------------------------- --------------------------------------------- --------------------------------------------- --------------------------------------------- --------------------------------------------- --------------------------------------------- ---------------------------------------------
Net                       (-0.0083492683 -0.057453007 0.007555247)      (0.00033991618 0.00079693003 0.0021478442)    (-0.0080093521 -0.056656077 0.0097030912)     (-2.9611788e-05 -0.00020376471 2.6795686e-05) (1.2055579e-06 2.8264181e-06 7.6176145e-06)   (-2.840623e-05 -0.00020093829 3.4413301e-05) 

Moments - Moment Center (1.3426988 0.38447457 0.32756166) Moment Axis (-0.01745 0.86603 -0.4997)
                          Moments [N m]                                   Coefficients                                   
Zone                      Pressure        Viscous         Total           Pressure        Viscous         Total          
youweiduo                 -0.053385355    -0.00038904153  -0.053774396    -0.00018933824  -1.3797874e-06  -0.00019071803 
------------------------- --------------- --------------- --------------- --------------- --------------- ---------------
Net                       -0.053385355    -0.00038904153  -0.053774396    -0.00018933824  -1.3797874e-06  -0.00019071803 
