                                    "Force Report"

Moments - Moment Center (0.1315426 -1.2460601 0.16868178)
                          Moments [N m]                                                                                                                             Coefficients                                                                                                                             
Zone                      Pressure                                      Viscous                                       Total                                         Pressure                                      Viscous                                       Total                                        
zuofuyi                   (1.2477401 -0.76028156 -0.067125559)          (-0.00068885559 -0.0013528675 -0.013696728)   (1.2470512 -0.76163443 -0.080822288)          (0.0044252758 -0.0026964394 -0.0002380697)    (-2.4431177e-06 -4.7981242e-06 -4.8577264e-05) (0.0044228327 -0.0027012376 -0.00028664697)  
------------------------- --------------------------------------------- --------------------------------------------- --------------------------------------------- --------------------------------------------- --------------------------------------------- ---------------------------------------------
Net                       (1.2477401 -0.76028156 -0.067125559)          (-0.00068885559 -0.0013528675 -0.013696728)   (1.2470512 -0.76163443 -0.080822288)          (0.0044252758 -0.0026964394 -0.0002380697)    (-2.4431177e-06 -4.7981242e-06 -4.8577264e-05) (0.0044228327 -0.0027012376 -0.00028664697)  

Moments - Moment Center (0.1315426 -1.2460601 0.16868178) Moment Axis (0.02245 -0.99937 0.02748)
                          Moments [N m]                                   Coefficients                                   
Zone                      Pressure        Viscous         Total           Pressure        Viscous         Total          
zuofuyi                   0.78596991      0.00096016454   0.78693008      0.0027875466    3.4053509e-06   0.0027909519   
------------------------- --------------- --------------- --------------- --------------- --------------- ---------------
Net                       0.78596991      0.00096016454   0.78693008      0.0027875466    3.4053509e-06   0.0027909519   
                                    "Force Report"

Moments - Moment Center (0.1315426 -1.2460601 0.16868178)
                          Moments [N m]                                                                                                                             Coefficients                                                                                                                             
Zone                      Pressure                                      Viscous                                       Total                                         Pressure                                      Viscous                                       Total                                        
zuofuyi                   (1.2477401 -0.76028156 -0.067125559)          (-0.00068885559 -0.0013528675 -0.013696728)   (1.2470512 -0.76163443 -0.080822288)          (0.0044252758 -0.0026964394 -0.0002380697)    (-2.4431177e-06 -4.7981242e-06 -4.8577264e-05) (0.0044228327 -0.0027012376 -0.00028664697)  
------------------------- --------------------------------------------- --------------------------------------------- --------------------------------------------- --------------------------------------------- --------------------------------------------- ---------------------------------------------
Net                       (1.2477401 -0.76028156 -0.067125559)          (-0.00068885559 -0.0013528675 -0.013696728)   (1.2470512 -0.76163443 -0.080822288)          (0.0044252758 -0.0026964394 -0.0002380697)    (-2.4431177e-06 -4.7981242e-06 -4.8577264e-05) (0.0044228327 -0.0027012376 -0.00028664697)  

Moments - Moment Center (0.1315426 -1.2460601 0.16868178) Moment Axis (0.02245 -0.99937 0.02748)
                          Moments [N m]                                   Coefficients                                   
Zone                      Pressure        Viscous         Total           Pressure        Viscous         Total          
zuofuyi                   0.78596991      0.00096016454   0.78693008      0.0027875466    3.4053509e-06   0.0027909519   
------------------------- --------------- --------------- --------------- --------------- --------------- ---------------
Net                       0.78596991      0.00096016454   0.78693008      0.0027875466    3.4053509e-06   0.0027909519   
