                                    "Force Report"

Moments - Moment Center (0.1315426 -1.2460601 0.16868178)
                          Moments [N m]                                                                                                                             Coefficients                                                                                                                             
Zone                      Pressure                                      Viscous                                       Total                                         Pressure                                      Viscous                                       Total                                        
zuofuyi                   (1.4763404 -0.86009615 -0.15607717)           (1.187174e-05 -0.0014836464 -0.013110937)     (1.4763523 -0.86157979 -0.16918811)           (0.0052360373 -0.0030504451 -0.00055354839)   (4.2104701e-08 -5.2619487e-06 -4.6499676e-05) (0.0052360794 -0.0030557071 -0.00060004807)  
------------------------- --------------------------------------------- --------------------------------------------- --------------------------------------------- --------------------------------------------- --------------------------------------------- ---------------------------------------------
Net                       (1.4763404 -0.86009615 -0.15607717)           (1.187174e-05 -0.0014836464 -0.013110937)     (1.4763523 -0.86157979 -0.16918811)           (0.0052360373 -0.0030504451 -0.00055354839)   (4.2104701e-08 -5.2619487e-06 -4.6499676e-05) (0.0052360794 -0.0030557071 -0.00060004807)  

Moments - Moment Center (0.1315426 -1.2460601 0.16868178) Moment Axis (0.02245 -0.99937 0.02748)
                          Moments [N m]                                   Coefficients                                   
Zone                      Pressure        Viscous         Total           Pressure        Viscous         Total          
zuofuyi                   0.88840933      0.0011226899    0.88953202      0.0031508616    3.9817687e-06   0.0031548433   
------------------------- --------------- --------------- --------------- --------------- --------------- ---------------
Net                       0.88840933      0.0011226899    0.88953202      0.0031508616    3.9817687e-06   0.0031548433   
                                    "Force Report"

Moments - Moment Center (0.1315426 -1.2460601 0.16868178)
                          Moments [N m]                                                                                                                             Coefficients                                                                                                                             
Zone                      Pressure                                      Viscous                                       Total                                         Pressure                                      Viscous                                       Total                                        
zuofuyi                   (1.4763404 -0.86009615 -0.15607717)           (1.187174e-05 -0.0014836464 -0.013110937)     (1.4763523 -0.86157979 -0.16918811)           (0.0052360373 -0.0030504451 -0.00055354839)   (4.2104701e-08 -5.2619487e-06 -4.6499676e-05) (0.0052360794 -0.0030557071 -0.00060004807)  
------------------------- --------------------------------------------- --------------------------------------------- --------------------------------------------- --------------------------------------------- --------------------------------------------- ---------------------------------------------
Net                       (1.4763404 -0.86009615 -0.15607717)           (1.187174e-05 -0.0014836464 -0.013110937)     (1.4763523 -0.86157979 -0.16918811)           (0.0052360373 -0.0030504451 -0.00055354839)   (4.2104701e-08 -5.2619487e-06 -4.6499676e-05) (0.0052360794 -0.0030557071 -0.00060004807)  

Moments - Moment Center (0.1315426 -1.2460601 0.16868178) Moment Axis (0.02245 -0.99937 0.02748)
                          Moments [N m]                                   Coefficients                                   
Zone                      Pressure        Viscous         Total           Pressure        Viscous         Total          
zuofuyi                   0.88840933      0.0011226899    0.88953202      0.0031508616    3.9817687e-06   0.0031548433   
------------------------- --------------- --------------- --------------- --------------- --------------- ---------------
Net                       0.88840933      0.0011226899    0.88953202      0.0031508616    3.9817687e-06   0.0031548433   
