                                    "Force Report"

Moments - Moment Center (0.1315426 -1.2460601 0.16868178)
                          Moments [N m]                                                                                                                             Coefficients                                                                                                                             
Zone                      Pressure                                      Viscous                                       Total                                         Pressure                                      Viscous                                       Total                                        
zuofuyi                   (1.6749223 -1.1344844 -0.25166633)            (0.0011216971 -0.0015966486 -0.012691863)     (1.676044 -1.136081 -0.2643582)               (0.0059403344 -0.0040235993 -0.00089256805)   (3.9782476e-06 -5.662726e-06 -4.5013377e-05)  (0.0059443126 -0.004029262 -0.00093758142)   
------------------------- --------------------------------------------- --------------------------------------------- --------------------------------------------- --------------------------------------------- --------------------------------------------- ---------------------------------------------
Net                       (1.6749223 -1.1344844 -0.25166633)            (0.0011216971 -0.0015966486 -0.012691863)     (1.676044 -1.136081 -0.2643582)               (0.0059403344 -0.0040235993 -0.00089256805)   (3.9782476e-06 -5.662726e-06 -4.5013377e-05)  (0.0059443126 -0.004029262 -0.00093758142)   

Moments - Moment Center (0.1315426 -1.2460601 0.16868178) Moment Axis (0.02245 -0.99937 0.02748)
                          Moments [N m]                                   Coefficients                                   
Zone                      Pressure        Viscous         Total           Pressure        Viscous         Total          
zuofuyi                   1.1644561       0.0012720527    1.1657282       0.0041298981    4.5115035e-06   0.0041344096   
------------------------- --------------- --------------- --------------- --------------- --------------- ---------------
Net                       1.1644561       0.0012720527    1.1657282       0.0041298981    4.5115035e-06   0.0041344096   
                                    "Force Report"

Moments - Moment Center (0.1315426 -1.2460601 0.16868178)
                          Moments [N m]                                                                                                                             Coefficients                                                                                                                             
Zone                      Pressure                                      Viscous                                       Total                                         Pressure                                      Viscous                                       Total                                        
zuofuyi                   (1.6749223 -1.1344844 -0.25166633)            (0.0011216971 -0.0015966486 -0.012691863)     (1.676044 -1.136081 -0.2643582)               (0.0059403344 -0.0040235993 -0.00089256805)   (3.9782476e-06 -5.662726e-06 -4.5013377e-05)  (0.0059443126 -0.004029262 -0.00093758142)   
------------------------- --------------------------------------------- --------------------------------------------- --------------------------------------------- --------------------------------------------- --------------------------------------------- ---------------------------------------------
Net                       (1.6749223 -1.1344844 -0.25166633)            (0.0011216971 -0.0015966486 -0.012691863)     (1.676044 -1.136081 -0.2643582)               (0.0059403344 -0.0040235993 -0.00089256805)   (3.9782476e-06 -5.662726e-06 -4.5013377e-05)  (0.0059443126 -0.004029262 -0.00093758142)   

Moments - Moment Center (0.1315426 -1.2460601 0.16868178) Moment Axis (0.02245 -0.99937 0.02748)
                          Moments [N m]                                   Coefficients                                   
Zone                      Pressure        Viscous         Total           Pressure        Viscous         Total          
zuofuyi                   1.1644561       0.0012720527    1.1657282       0.0041298981    4.5115035e-06   0.0041344096   
------------------------- --------------- --------------- --------------- --------------- --------------- ---------------
Net                       1.1644561       0.0012720527    1.1657282       0.0041298981    4.5115035e-06   0.0041344096   
