                                    "Force Report"

Moments - Moment Center (0.1315426 -1.2460601 0.16868178)
                          Moments [N m]                                                                                                                             Coefficients                                                                                                                             
Zone                      Pressure                                      Viscous                                       Total                                         Pressure                                      Viscous                                       Total                                        
zuofuyi                   (1.8641795 -1.0338199 -0.23115568)            (0.0013572496 -0.0015567222 -0.012469309)     (1.8655368 -1.0353766 -0.24362499)            (0.0066115601 -0.0036665795 -0.0008198243)    (4.8136659e-06 -5.5211219e-06 -4.4224058e-05) (0.0066163737 -0.0036721006 -0.00086404835)  
------------------------- --------------------------------------------- --------------------------------------------- --------------------------------------------- --------------------------------------------- --------------------------------------------- ---------------------------------------------
Net                       (1.8641795 -1.0338199 -0.23115568)            (0.0013572496 -0.0015567222 -0.012469309)     (1.8655368 -1.0353766 -0.24362499)            (0.0066115601 -0.0036665795 -0.0008198243)    (4.8136659e-06 -5.5211219e-06 -4.4224058e-05) (0.0066163737 -0.0036721006 -0.00086404835)  

Moments - Moment Center (0.1315426 -1.2460601 0.16868178) Moment Axis (0.02245 -0.99937 0.02748)
                          Moments [N m]                                   Coefficients                                   
Zone                      Pressure        Viscous         Total           Pressure        Viscous         Total          
zuofuyi                   1.0686675       0.0012435554    1.0699111       0.0037901712    4.4104343e-06   0.0037945816   
------------------------- --------------- --------------- --------------- --------------- --------------- ---------------
Net                       1.0686675       0.0012435554    1.0699111       0.0037901712    4.4104343e-06   0.0037945816   
                                    "Force Report"

Moments - Moment Center (0.1315426 -1.2460601 0.16868178)
                          Moments [N m]                                                                                                                             Coefficients                                                                                                                             
Zone                      Pressure                                      Viscous                                       Total                                         Pressure                                      Viscous                                       Total                                        
zuofuyi                   (1.8641795 -1.0338199 -0.23115568)            (0.0013572496 -0.0015567222 -0.012469309)     (1.8655368 -1.0353766 -0.24362499)            (0.0066115601 -0.0036665795 -0.0008198243)    (4.8136659e-06 -5.5211219e-06 -4.4224058e-05) (0.0066163737 -0.0036721006 -0.00086404835)  
------------------------- --------------------------------------------- --------------------------------------------- --------------------------------------------- --------------------------------------------- --------------------------------------------- ---------------------------------------------
Net                       (1.8641795 -1.0338199 -0.23115568)            (0.0013572496 -0.0015567222 -0.012469309)     (1.8655368 -1.0353766 -0.24362499)            (0.0066115601 -0.0036665795 -0.0008198243)    (4.8136659e-06 -5.5211219e-06 -4.4224058e-05) (0.0066163737 -0.0036721006 -0.00086404835)  

Moments - Moment Center (0.1315426 -1.2460601 0.16868178) Moment Axis (0.02245 -0.99937 0.02748)
                          Moments [N m]                                   Coefficients                                   
Zone                      Pressure        Viscous         Total           Pressure        Viscous         Total          
zuofuyi                   1.0686675       0.0012435554    1.0699111       0.0037901712    4.4104343e-06   0.0037945816   
------------------------- --------------- --------------- --------------- --------------- --------------- ---------------
Net                       1.0686675       0.0012435554    1.0699111       0.0037901712    4.4104343e-06   0.0037945816   
