                                    "Force Report"

Moments - Moment Center (0.1315426 -1.2460601 0.16868178)
                          Moments [N m]                                                                                                                             Coefficients                                                                                                                             
Zone                      Pressure                                      Viscous                                       Total                                         Pressure                                      Viscous                                       Total                                        
zuofuyi                   (2.1201121 -1.2087024 -0.3116645)             (0.0016076695 -0.001442815 -0.012564432)      (2.1217198 -1.2101453 -0.32422893)            (0.007519259 -0.0042868236 -0.0011053595)     (5.7018133e-06 -5.1171347e-06 -4.4561427e-05) (0.0075249609 -0.0042919407 -0.0011499209)   
------------------------- --------------------------------------------- --------------------------------------------- --------------------------------------------- --------------------------------------------- --------------------------------------------- ---------------------------------------------
Net                       (2.1201121 -1.2087024 -0.3116645)             (0.0016076695 -0.001442815 -0.012564432)      (2.1217198 -1.2101453 -0.32422893)            (0.007519259 -0.0042868236 -0.0011053595)     (5.7018133e-06 -5.1171347e-06 -4.4561427e-05) (0.0075249609 -0.0042919407 -0.0011499209)   

Moments - Moment Center (0.1315426 -1.2460601 0.16868178) Moment Axis (0.02245 -0.99937 0.02748)
                          Moments [N m]                                   Coefficients                                   
Zone                      Pressure        Viscous         Total           Pressure        Viscous         Total          
zuofuyi                   1.2469732       0.0011327278    1.2481059       0.004422556     4.0173695e-06   0.0044265733   
------------------------- --------------- --------------- --------------- --------------- --------------- ---------------
Net                       1.2469732       0.0011327278    1.2481059       0.004422556     4.0173695e-06   0.0044265733   
                                    "Force Report"

Moments - Moment Center (0.1315426 -1.2460601 0.16868178)
                          Moments [N m]                                                                                                                             Coefficients                                                                                                                             
Zone                      Pressure                                      Viscous                                       Total                                         Pressure                                      Viscous                                       Total                                        
zuofuyi                   (2.1201121 -1.2087024 -0.3116645)             (0.0016076695 -0.001442815 -0.012564432)      (2.1217198 -1.2101453 -0.32422893)            (0.007519259 -0.0042868236 -0.0011053595)     (5.7018133e-06 -5.1171347e-06 -4.4561427e-05) (0.0075249609 -0.0042919407 -0.0011499209)   
------------------------- --------------------------------------------- --------------------------------------------- --------------------------------------------- --------------------------------------------- --------------------------------------------- ---------------------------------------------
Net                       (2.1201121 -1.2087024 -0.3116645)             (0.0016076695 -0.001442815 -0.012564432)      (2.1217198 -1.2101453 -0.32422893)            (0.007519259 -0.0042868236 -0.0011053595)     (5.7018133e-06 -5.1171347e-06 -4.4561427e-05) (0.0075249609 -0.0042919407 -0.0011499209)   

Moments - Moment Center (0.1315426 -1.2460601 0.16868178) Moment Axis (0.02245 -0.99937 0.02748)
                          Moments [N m]                                   Coefficients                                   
Zone                      Pressure        Viscous         Total           Pressure        Viscous         Total          
zuofuyi                   1.2469732       0.0011327278    1.2481059       0.004422556     4.0173695e-06   0.0044265733   
------------------------- --------------- --------------- --------------- --------------- --------------- ---------------
Net                       1.2469732       0.0011327278    1.2481059       0.004422556     4.0173695e-06   0.0044265733   
