                                    "Force Report"

Moments - Moment Center (0.1315426 -1.2460601 0.16868178)
                          Moments [N m]                                                                                                                             Coefficients                                                                                                                             
Zone                      Pressure                                      Viscous                                       Total                                         Pressure                                      Viscous                                       Total                                        
zuofuyi                   (2.0280546 -1.1426913 -0.21021972)            (0.0012731215 -0.0014345076 -0.013645373)     (2.0293277 -1.1441258 -0.22386509)            (0.0071927646 -0.0040527065 -0.00074557213)   (4.5152943e-06 -5.0876716e-06 -4.8395124e-05) (0.0071972799 -0.0040577941 -0.00079396725)  
------------------------- --------------------------------------------- --------------------------------------------- --------------------------------------------- --------------------------------------------- --------------------------------------------- ---------------------------------------------
Net                       (2.0280546 -1.1426913 -0.21021972)            (0.0012731215 -0.0014345076 -0.013645373)     (2.0293277 -1.1441258 -0.22386509)            (0.0071927646 -0.0040527065 -0.00074557213)   (4.5152943e-06 -5.0876716e-06 -4.8395124e-05) (0.0071972799 -0.0040577941 -0.00079396725)  

Moments - Moment Center (0.1315426 -1.2460601 0.16868178) Moment Axis (0.02245 -0.99937 0.02748)
                          Moments [N m]                                   Coefficients                                   
Zone                      Pressure        Viscous         Total           Pressure        Viscous         Total          
zuofuyi                   1.1817247       0.0010872109    1.1828119       0.0041911434    3.8559376e-06   0.0041949994   
------------------------- --------------- --------------- --------------- --------------- --------------- ---------------
Net                       1.1817247       0.0010872109    1.1828119       0.0041911434    3.8559376e-06   0.0041949994   
                                    "Force Report"

Moments - Moment Center (0.1315426 -1.2460601 0.16868178)
                          Moments [N m]                                                                                                                             Coefficients                                                                                                                             
Zone                      Pressure                                      Viscous                                       Total                                         Pressure                                      Viscous                                       Total                                        
zuofuyi                   (2.0280546 -1.1426913 -0.21021972)            (0.0012731215 -0.0014345076 -0.013645373)     (2.0293277 -1.1441258 -0.22386509)            (0.0071927646 -0.0040527065 -0.00074557213)   (4.5152943e-06 -5.0876716e-06 -4.8395124e-05) (0.0071972799 -0.0040577941 -0.00079396725)  
------------------------- --------------------------------------------- --------------------------------------------- --------------------------------------------- --------------------------------------------- --------------------------------------------- ---------------------------------------------
Net                       (2.0280546 -1.1426913 -0.21021972)            (0.0012731215 -0.0014345076 -0.013645373)     (2.0293277 -1.1441258 -0.22386509)            (0.0071927646 -0.0040527065 -0.00074557213)   (4.5152943e-06 -5.0876716e-06 -4.8395124e-05) (0.0071972799 -0.0040577941 -0.00079396725)  

Moments - Moment Center (0.1315426 -1.2460601 0.16868178) Moment Axis (0.02245 -0.99937 0.02748)
                          Moments [N m]                                   Coefficients                                   
Zone                      Pressure        Viscous         Total           Pressure        Viscous         Total          
zuofuyi                   1.1817247       0.0010872109    1.1828119       0.0041911434    3.8559376e-06   0.0041949994   
------------------------- --------------- --------------- --------------- --------------- --------------- ---------------
Net                       1.1817247       0.0010872109    1.1828119       0.0041911434    3.8559376e-06   0.0041949994   
