                                    "Force Report"

Moments - Moment Center (0.1315426 -1.2460601 0.16868178)
                          Moments [N m]                                                                                                                             Coefficients                                                                                                                             
Zone                      Pressure                                      Viscous                                       Total                                         Pressure                                      Viscous                                       Total                                        
zuofuyi                   (1.268017 -0.83955553 -0.15295355)            (0.0007045319 -0.0014753245 -0.010608509)     (1.2687216 -0.84103085 -0.16356206)           (0.0044971907 -0.0029775951 -0.00054247006)   (2.4987159e-06 -5.232434e-06 -3.7624484e-05)  (0.0044996894 -0.0029828275 -0.00058009454)  
------------------------- --------------------------------------------- --------------------------------------------- --------------------------------------------- --------------------------------------------- --------------------------------------------- ---------------------------------------------
Net                       (1.268017 -0.83955553 -0.15295355)            (0.0007045319 -0.0014753245 -0.010608509)     (1.2687216 -0.84103085 -0.16356206)           (0.0044971907 -0.0029775951 -0.00054247006)   (2.4987159e-06 -5.232434e-06 -3.7624484e-05)  (0.0044996894 -0.0029828275 -0.00058009454)  

Moments - Moment Center (0.1315426 -1.2460601 0.16868178) Moment Axis (0.02245 -0.99937 0.02748)
                          Moments [N m]                                   Coefficients                                   
Zone                      Pressure        Viscous         Total           Pressure        Viscous         Total          
zuofuyi                   0.86329062      0.0011986902    0.86448931      0.0030617747    4.2513139e-06   0.0030660261   
------------------------- --------------- --------------- --------------- --------------- --------------- ---------------
Net                       0.86329062      0.0011986902    0.86448931      0.0030617747    4.2513139e-06   0.0030660261   
                                    "Force Report"

Moments - Moment Center (0.1315426 -1.2460601 0.16868178)
                          Moments [N m]                                                                                                                             Coefficients                                                                                                                             
Zone                      Pressure                                      Viscous                                       Total                                         Pressure                                      Viscous                                       Total                                        
zuofuyi                   (1.268017 -0.83955553 -0.15295355)            (0.0007045319 -0.0014753245 -0.010608509)     (1.2687216 -0.84103085 -0.16356206)           (0.0044971907 -0.0029775951 -0.00054247006)   (2.4987159e-06 -5.232434e-06 -3.7624484e-05)  (0.0044996894 -0.0029828275 -0.00058009454)  
------------------------- --------------------------------------------- --------------------------------------------- --------------------------------------------- --------------------------------------------- --------------------------------------------- ---------------------------------------------
Net                       (1.268017 -0.83955553 -0.15295355)            (0.0007045319 -0.0014753245 -0.010608509)     (1.2687216 -0.84103085 -0.16356206)           (0.0044971907 -0.0029775951 -0.00054247006)   (2.4987159e-06 -5.232434e-06 -3.7624484e-05)  (0.0044996894 -0.0029828275 -0.00058009454)  

Moments - Moment Center (0.1315426 -1.2460601 0.16868178) Moment Axis (0.02245 -0.99937 0.02748)
                          Moments [N m]                                   Coefficients                                   
Zone                      Pressure        Viscous         Total           Pressure        Viscous         Total          
zuofuyi                   0.86329062      0.0011986902    0.86448931      0.0030617747    4.2513139e-06   0.0030660261   
------------------------- --------------- --------------- --------------- --------------- --------------- ---------------
Net                       0.86329062      0.0011986902    0.86448931      0.0030617747    4.2513139e-06   0.0030660261   
