                                    "Force Report"

Moments - Moment Center (0.1315426 -1.2460601 0.16868178)
                          Moments [N m]                                                                                                                             Coefficients                                                                                                                             
Zone                      Pressure                                      Viscous                                       Total                                         Pressure                                      Viscous                                       Total                                        
zuofuyi                   (1.5372856 -0.98219661 -0.23579813)           (0.0020390692 -0.0014758477 -0.0086918222)    (1.5393247 -0.98367246 -0.24448995)           (0.0054521874 -0.0034834906 -0.00083628936)   (7.2318294e-06 -5.2342895e-06 -3.0826701e-05) (0.0054594192 -0.0034887249 -0.00086711606)  
------------------------- --------------------------------------------- --------------------------------------------- --------------------------------------------- --------------------------------------------- --------------------------------------------- ---------------------------------------------
Net                       (1.5372856 -0.98219661 -0.23579813)           (0.0020390692 -0.0014758477 -0.0086918222)    (1.5393247 -0.98367246 -0.24448995)           (0.0054521874 -0.0034834906 -0.00083628936)   (7.2318294e-06 -5.2342895e-06 -3.0826701e-05) (0.0054594192 -0.0034887249 -0.00086711606)  

Moments - Moment Center (0.1315426 -1.2460601 0.16868178) Moment Axis (0.02245 -0.99937 0.02748)
                          Moments [N m]                                   Coefficients                                   
Zone                      Pressure        Viscous         Total           Pressure        Viscous         Total          
zuofuyi                   1.0096104       0.001281844     1.0108922       0.0035807172    4.5462298e-06   0.0035852634   
------------------------- --------------- --------------- --------------- --------------- --------------- ---------------
Net                       1.0096104       0.001281844     1.0108922       0.0035807172    4.5462298e-06   0.0035852634   
                                    "Force Report"

Moments - Moment Center (0.1315426 -1.2460601 0.16868178)
                          Moments [N m]                                                                                                                             Coefficients                                                                                                                             
Zone                      Pressure                                      Viscous                                       Total                                         Pressure                                      Viscous                                       Total                                        
zuofuyi                   (1.5372856 -0.98219661 -0.23579813)           (0.0020390692 -0.0014758477 -0.0086918222)    (1.5393247 -0.98367246 -0.24448995)           (0.0054521874 -0.0034834906 -0.00083628936)   (7.2318294e-06 -5.2342895e-06 -3.0826701e-05) (0.0054594192 -0.0034887249 -0.00086711606)  
------------------------- --------------------------------------------- --------------------------------------------- --------------------------------------------- --------------------------------------------- --------------------------------------------- ---------------------------------------------
Net                       (1.5372856 -0.98219661 -0.23579813)           (0.0020390692 -0.0014758477 -0.0086918222)    (1.5393247 -0.98367246 -0.24448995)           (0.0054521874 -0.0034834906 -0.00083628936)   (7.2318294e-06 -5.2342895e-06 -3.0826701e-05) (0.0054594192 -0.0034887249 -0.00086711606)  

Moments - Moment Center (0.1315426 -1.2460601 0.16868178) Moment Axis (0.02245 -0.99937 0.02748)
                          Moments [N m]                                   Coefficients                                   
Zone                      Pressure        Viscous         Total           Pressure        Viscous         Total          
zuofuyi                   1.0096104       0.001281844     1.0108922       0.0035807172    4.5462298e-06   0.0035852634   
------------------------- --------------- --------------- --------------- --------------- --------------- ---------------
Net                       1.0096104       0.001281844     1.0108922       0.0035807172    4.5462298e-06   0.0035852634   
