                                    "Force Report"

Moments - Moment Center (0.1315426 -1.2460601 0.16868178)
                          Moments [N m]                                                                                                                             Coefficients                                                                                                                             
Zone                      Pressure                                      Viscous                                       Total                                         Pressure                                      Viscous                                       Total                                        
zuofuyi                   (1.3303306 -1.0676628 -0.21097404)            (0.0011331675 -0.0015988733 -0.011232789)     (1.3314637 -1.0692617 -0.22220683)            (0.0047181939 -0.0037866078 -0.00074824742)   (4.0189291e-06 -5.6706165e-06 -3.9838576e-05) (0.0047222128 -0.0037922785 -0.000788086)    
------------------------- --------------------------------------------- --------------------------------------------- --------------------------------------------- --------------------------------------------- --------------------------------------------- ---------------------------------------------
Net                       (1.3303306 -1.0676628 -0.21097404)            (0.0011331675 -0.0015988733 -0.011232789)     (1.3314637 -1.0692617 -0.22220683)            (0.0047181939 -0.0037866078 -0.00074824742)   (4.0189291e-06 -5.6706165e-06 -3.9838576e-05) (0.0047222128 -0.0037922785 -0.000788086)    

Moments - Moment Center (0.1315426 -1.2460601 0.16868178) Moment Axis (0.02245 -0.99937 0.02748)
                          Moments [N m]                                   Coefficients                                   
Zone                      Pressure        Viscous         Total           Pressure        Viscous         Total          
zuofuyi                   1.0910588       0.0013146289    1.0923734       0.0038695848    4.6625059e-06   0.0038742473   
------------------------- --------------- --------------- --------------- --------------- --------------- ---------------
Net                       1.0910588       0.0013146289    1.0923734       0.0038695848    4.6625059e-06   0.0038742473   
                                    "Force Report"

Moments - Moment Center (0.1315426 -1.2460601 0.16868178)
                          Moments [N m]                                                                                                                             Coefficients                                                                                                                             
Zone                      Pressure                                      Viscous                                       Total                                         Pressure                                      Viscous                                       Total                                        
zuofuyi                   (1.3303306 -1.0676628 -0.21097404)            (0.0011331675 -0.0015988733 -0.011232789)     (1.3314637 -1.0692617 -0.22220683)            (0.0047181939 -0.0037866078 -0.00074824742)   (4.0189291e-06 -5.6706165e-06 -3.9838576e-05) (0.0047222128 -0.0037922785 -0.000788086)    
------------------------- --------------------------------------------- --------------------------------------------- --------------------------------------------- --------------------------------------------- --------------------------------------------- ---------------------------------------------
Net                       (1.3303306 -1.0676628 -0.21097404)            (0.0011331675 -0.0015988733 -0.011232789)     (1.3314637 -1.0692617 -0.22220683)            (0.0047181939 -0.0037866078 -0.00074824742)   (4.0189291e-06 -5.6706165e-06 -3.9838576e-05) (0.0047222128 -0.0037922785 -0.000788086)    

Moments - Moment Center (0.1315426 -1.2460601 0.16868178) Moment Axis (0.02245 -0.99937 0.02748)
                          Moments [N m]                                   Coefficients                                   
Zone                      Pressure        Viscous         Total           Pressure        Viscous         Total          
zuofuyi                   1.0910588       0.0013146289    1.0923734       0.0038695848    4.6625059e-06   0.0038742473   
------------------------- --------------- --------------- --------------- --------------- --------------- ---------------
Net                       1.0910588       0.0013146289    1.0923734       0.0038695848    4.6625059e-06   0.0038742473   
