                                    "Force Report"

Moments - Moment Center (0.1315426 -1.2460601 0.16868178)
                          Moments [N m]                                                                                                                             Coefficients                                                                                                                             
Zone                      Pressure                                      Viscous                                       Total                                         Pressure                                      Viscous                                       Total                                        
zuofuyi                   (1.4401558 -0.9322218 -0.19663171)            (0.0011993588 -0.0014610963 -0.0097400319)    (1.4413551 -0.9336829 -0.20637175)            (0.0051077036 -0.0033062483 -0.00069738047)   (4.2536851e-06 -5.1819719e-06 -3.4544315e-05) (0.0051119573 -0.0033114303 -0.00073192478)  
------------------------- --------------------------------------------- --------------------------------------------- --------------------------------------------- --------------------------------------------- --------------------------------------------- ---------------------------------------------
Net                       (1.4401558 -0.9322218 -0.19663171)            (0.0011993588 -0.0014610963 -0.0097400319)    (1.4413551 -0.9336829 -0.20637175)            (0.0051077036 -0.0033062483 -0.00069738047)   (4.2536851e-06 -5.1819719e-06 -3.4544315e-05) (0.0051119573 -0.0033114303 -0.00073192478)  

Moments - Moment Center (0.1315426 -1.2460601 0.16868178) Moment Axis (0.02245 -0.99937 0.02748)
                          Moments [N m]                                   Coefficients                                   
Zone                      Pressure        Viscous         Total           Pressure        Viscous         Total          
zuofuyi                   0.95856277      0.0012194456    0.95978222      0.0033996701    4.3249257e-06   0.003403995    
------------------------- --------------- --------------- --------------- --------------- --------------- ---------------
Net                       0.95856277      0.0012194456    0.95978222      0.0033996701    4.3249257e-06   0.003403995    
                                    "Force Report"

Moments - Moment Center (0.1315426 -1.2460601 0.16868178)
                          Moments [N m]                                                                                                                             Coefficients                                                                                                                             
Zone                      Pressure                                      Viscous                                       Total                                         Pressure                                      Viscous                                       Total                                        
zuofuyi                   (1.4401558 -0.9322218 -0.19663171)            (0.0011993588 -0.0014610963 -0.0097400319)    (1.4413551 -0.9336829 -0.20637175)            (0.0051077036 -0.0033062483 -0.00069738047)   (4.2536851e-06 -5.1819719e-06 -3.4544315e-05) (0.0051119573 -0.0033114303 -0.00073192478)  
------------------------- --------------------------------------------- --------------------------------------------- --------------------------------------------- --------------------------------------------- --------------------------------------------- ---------------------------------------------
Net                       (1.4401558 -0.9322218 -0.19663171)            (0.0011993588 -0.0014610963 -0.0097400319)    (1.4413551 -0.9336829 -0.20637175)            (0.0051077036 -0.0033062483 -0.00069738047)   (4.2536851e-06 -5.1819719e-06 -3.4544315e-05) (0.0051119573 -0.0033114303 -0.00073192478)  

Moments - Moment Center (0.1315426 -1.2460601 0.16868178) Moment Axis (0.02245 -0.99937 0.02748)
                          Moments [N m]                                   Coefficients                                   
Zone                      Pressure        Viscous         Total           Pressure        Viscous         Total          
zuofuyi                   0.95856277      0.0012194456    0.95978222      0.0033996701    4.3249257e-06   0.003403995    
------------------------- --------------- --------------- --------------- --------------- --------------- ---------------
Net                       0.95856277      0.0012194456    0.95978222      0.0033996701    4.3249257e-06   0.003403995    
